#
# A fatal error has been detected by the Java Runtime Environment:
#
#  EXCEPTION_ACCESS_VIOLATION (0xc0000005) at pc=0x00007ff91a27b7e3, pid=46276, tid=45928
#
# JRE version: OpenJDK Runtime Environment (19.0.1+10) (build 19.0.1+10-21)
# Java VM: OpenJDK 64-Bit Server VM (19.0.1+10-21, mixed mode, sharing, tiered, compressed oops, compressed class ptrs, g1 gc, windows-amd64)
# Problematic frame:
# C  [CLIPSJNI.dll+0xb7e3]
#
# No core dump will be written. Minidumps are not enabled by default on client versions of Windows
#
# If you would like to submit a bug report, please visit:
#   https://bugreport.java.com/bugreport/crash.jsp
# The crash happened outside the Java Virtual Machine in native code.
# See problematic frame for where to report the bug.
#

---------------  S U M M A R Y ------------

Command Line: -Djava.library.path=../lib/ jade.Boot -agents Neumologo:Neumologo;Gastrointerologo:Gastrointerologo;Dermatologo:Dermatologo;Paciente:Paciente

Host: AMD Ryzen 5 3600 6-Core Processor              , 12 cores, 31G,  Windows 11 , 64 bit Build 22621 (10.0.22621.755)
Time: Tue Nov 29 01:24:10 2022 Central Standard Time (Mexico) elapsed time: 5.717584 seconds (0d 0h 0m 5s)

---------------  T H R E A D  ---------------

Current thread (0x00000261150ed6d0):  JavaThread "Neumologo" [_thread_in_native, id=45928, stack(0x000000e68c410000,0x000000e68c510000)]

Stack: [0x000000e68c410000,0x000000e68c510000],  sp=0x000000e68c50ee20,  free space=1019k
Native frames: (J=compiled Java code, j=interpreted, Vv=VM code, C=native code)
C  [CLIPSJNI.dll+0xb7e3]

Java frames: (J=compiled Java code, j=interpreted, Vv=VM code)
j  net.sf.clipsrules.jni.Environment.clear(J)V+0
j  net.sf.clipsrules.jni.Environment.access$100(Lnet/sf/clipsrules/jni/Environment;J)V+2
j  net.sf.clipsrules.jni.Environment$1.call()Ljava/lang/Void;+11
j  net.sf.clipsrules.jni.Environment$1.call()Ljava/lang/Object;+1
j  net.sf.clipsrules.jni.Environment.voidCommandWrapper(Ljava/util/concurrent/Callable;)V+6
j  net.sf.clipsrules.jni.Environment.clear()V+9
j  Doctor$Diagnosticar.action()V+3
j  jade.core.behaviours.Behaviour.actionWrapper()V+36
j  jade.core.Agent$ActiveLifeCycle.execute()V+17
j  jade.core.Agent.run()V+21
j  java.lang.Thread.run()V+13 java.base@19.0.1
v  ~StubRoutines::call_stub 0x0000026172a5100e

siginfo: EXCEPTION_ACCESS_VIOLATION (0xc0000005), reading address 0x00000000000000c8


Registers:
RAX=0x0000000000000000, RBX=0x000002611c0ba860, RCX=0x00000261150ec378, RDX=0x000000000000003d
RSP=0x000000e68c50ee20, RBP=0x0000000000000000, RSI=0x000002611c105180, RDI=0x0000000000000001
R8 =0x0000000000000000, R9 =0x00007ff91a34d24e, R10=0x00007ff91a270000, R11=0x000000e68c50ee01
R12=0x0000000000000000, R13=0x000002611132d638, R14=0x000002611c0bb850, R15=0x00000261150ed6d0
RIP=0x00007ff91a27b7e3, EFLAGS=0x0000000000010287


Register to memory mapping:

RIP=0x00007ff91a27b7e3 CLIPSJNI.dll
RAX=0x0 is NULL
RBX=0x000002611c0ba860 points into unknown readable memory: 0x0000000000000000 | 00 00 00 00 00 00 00 00
RCX=0x00000261150ec378 points into unknown readable memory: 0x0000000000000000 | 00 00 00 00 00 00 00 00
RDX=0x000000000000003d is an unknown value
RSP=0x000000e68c50ee20 is pointing into the stack for thread: 0x00000261150ed6d0
RBP=0x0 is NULL
RSI=0x000002611c105180 points into unknown readable memory: 0x0000000000000001 | 01 00 00 00 00 00 00 00
RDI=0x0000000000000001 is an unknown value
R8 =0x0 is NULL
R9 =0x00007ff91a34d24e CLIPSJNI.dll
R10=0x00007ff91a270000 CLIPSJNI.dll
R11=0x000000e68c50ee01 is pointing into the stack for thread: 0x00000261150ed6d0
R12=0x0 is NULL
R13={method} {0x000002611132d640} 'clear' '(J)V' in 'net/sf/clipsrules/jni/Environment'
R14=0x000002611c0bb850 points into unknown readable memory: 0x0000000000000008 | 08 00 00 00 00 00 00 00
R15=0x00000261150ed6d0 is a thread


Top of Stack: (sp=0x000000e68c50ee20)
0x000000e68c50ee20:   000002611c0ba860 0000000000000018
0x000000e68c50ee30:   00000000000003d8 000000e68c500000
0x000000e68c50ee40:   0000000000000000 0000000000000000
0x000000e68c50ee50:   000002611c05d490 00007ff91a2933ca
0x000000e68c50ee60:   00000261150ed6d0 000002611c0bb960
0x000000e68c50ee70:   000002611c05d7a0 000002611c105180
0x000000e68c50ee80:   000002611c105180 00007ff91a2800a3
0x000000e68c50ee90:   000002611c32c1b0 0000000000000006
0x000000e68c50eea0:   000002611c105180 00007ff91a2deb47
0x000000e68c50eeb0:   000002611c1046e0 00007ff91a2f455c
0x000000e68c50eec0:   000002611c105180 0000026110c18948
0x000000e68c50eed0:   000002611c105180 00007ff91a29dab1
0x000000e68c50eee0:   000002611c105180 00007ff91a2f37cc
0x000000e68c50eef0:   000000e68c50f060 0000026110c18948
0x000000e68c50ef00:   0000026110927850 000000e68c50f090
0x000000e68c50ef10:   000002611c105180 00007ff91a28e94a 

Instructions: (pc=0x00007ff91a27b7e3)
0x00007ff91a27b6e3:   ff ff ff 41 8b ec 44 39 63 60 0f 86 c3 00 00 00
0x00007ff91a27b6f3:   48 8b 43 68 41 8b fc 8b cd 4c 8b 34 c8 41 8b 4e
0x00007ff91a27b703:   50 85 c9 74 16 49 8b 56 58 0f 1f 40 00 8b c7 48
0x00007ff91a27b713:   39 1c c2 74 0e ff c7 3b f9 72 f2 3b f9 0f 84 85
0x00007ff91a27b723:   00 00 00 83 f9 01 76 5b 8d 51 ff 48 8b ce 48 c1
0x00007ff91a27b733:   e2 03 e8 06 41 07 00 4c 8b f8 85 ff 74 13 49 8b
0x00007ff91a27b743:   56 58 48 8b c8 44 8b c7 49 c1 e0 03 e8 cc 1a 0d
0x00007ff91a27b753:   00 45 8b 46 50 49 8b 56 58 44 2b c7 8b cf 41 ff
0x00007ff91a27b763:   c8 48 83 c2 08 49 c1 e0 03 4c 8d 0c cd 00 00 00
0x00007ff91a27b773:   00 49 03 d1 4b 8d 0c 0f e8 a0 1a 0d 00 41 8b 4e
0x00007ff91a27b783:   50 eb 03 4d 8b fc 8d 79 ff 85 c9 74 13 49 8b 56
0x00007ff91a27b793:   58 44 8b c1 48 8b ce 49 c1 e0 03 e8 ed 40 07 00
0x00007ff91a27b7a3:   41 89 7e 50 4d 89 7e 58 ff c5 3b 6b 60 0f 82 3d
0x00007ff91a27b7b3:   ff ff ff 48 8b 46 28 4d 8b c4 8b 53 4c 4c 8b 7c
0x00007ff91a27b7c3:   24 40 48 8b 88 a8 00 00 00 48 8b 81 d0 00 00 00
0x00007ff91a27b7d3:   48 8d 0c d0 48 8b 04 d0 48 3b c3 74 0f 4c 8b c0
0x00007ff91a27b7e3:   48 8b 80 c8 00 00 00 48 3b c3 75 f1 48 8b 83 c8
0x00007ff91a27b7f3:   00 00 00 4d 85 c0 75 05 48 89 01 eb 07 49 89 80
0x00007ff91a27b803:   c8 00 00 00 8b 43 40 a8 01 0f 84 d5 00 00 00 48
0x00007ff91a27b813:   8b 53 08 83 e0 fe 48 8b ce 89 43 40 e8 1c d8 0b
0x00007ff91a27b823:   00 48 8b 93 d0 00 00 00 48 8b ce e8 1d da 0b 00
0x00007ff91a27b833:   48 8b 53 30 48 8b ce e8 71 a8 0c 00 41 8b ec 66
0x00007ff91a27b843:   44 3b a3 98 00 00 00 73 49 4d 8b f4 90 48 8b bb
0x00007ff91a27b853:   80 00 00 00 48 8b ce 4a 8b 54 37 18 e8 dc d7 0b
0x00007ff91a27b863:   00 4a 8b 54 37 20 48 85 d2 74 16 42 f6 04 37 40
0x00007ff91a27b873:   48 8b ce 74 07 e8 e3 fd 02 00 eb 05 e8 8c e8 02
0x00007ff91a27b883:   00 0f b7 83 98 00 00 00 ff c5 49 83 c6 50 3b e8
0x00007ff91a27b893:   7c bb 41 8b ec 66 44 3b a3 c0 00 00 00 73 45 4d
0x00007ff91a27b8a3:   8b f4 66 66 66 0f 1f 84 00 00 00 00 00 48 8b bb
0x00007ff91a27b8b3:   b0 00 00 00 48 8b ce 4a 8b 54 37 08 e8 7c d7 0b
0x00007ff91a27b8c3:   00 4a 8b 54 37 58 48 85 d2 74 08 48 8b ce e8 8a
0x00007ff91a27b8d3:   fd 02 00 0f b7 83 c0 00 00 00 ff c5 49 83 c6 60 


Stack slot to memory mapping:
stack at sp + 0 slots: 0x000002611c0ba860 points into unknown readable memory: 0x0000000000000000 | 00 00 00 00 00 00 00 00
stack at sp + 1 slots: 0x0000000000000018 is an unknown value
stack at sp + 2 slots: 0x00000000000003d8 is an unknown value
stack at sp + 3 slots: 0x000000e68c500000 is pointing into the stack for thread: 0x00000261150ed6d0
stack at sp + 4 slots: 0x0 is NULL
stack at sp + 5 slots: 0x0 is NULL
stack at sp + 6 slots: 0x000002611c05d490 points into unknown readable memory: 0x00007ff91a39f3f0 | f0 f3 39 1a f9 7f 00 00
stack at sp + 7 slots: 0x00007ff91a2933ca CLIPSJNI.dll


---------------  P R O C E S S  ---------------

Threads class SMR info:
_java_thread_list=0x000002611c2db270, length=30, elements={
0x000002617dc28f60, 0x000002617dc2b9a0, 0x000002617dc32640, 0x000002617dc36210,
0x000002617dc38900, 0x000002617dc39180, 0x000002617dc3d190, 0x000002617dc45cc0,
0x000002617dc4b270, 0x000002617dc48d40, 0x000002617dc4b7c0, 0x000002617dc49290,
0x000002617dc4a7d0, 0x000002617dc482a0, 0x000002617dc4ad20, 0x000002617dc487f0,
0x000002617dc4a280, 0x00000261150f1690, 0x00000261150eb1a0, 0x00000261150f06a0,
0x00000261150ef6b0, 0x00000261150f2130, 0x00000261150ef160, 0x00000261150f0bf0,
0x00000261150ee6c0, 0x00000261150ed6d0, 0x00000261150eb6f0, 0x00000261150ec6e0,
0x00000261150ebc40, 0x00000261150eec10
}

Java Threads: ( => current thread )
  0x000002617dc28f60 JavaThread "Reference Handler" daemon [_thread_blocked, id=47596, stack(0x000000e68a700000,0x000000e68a800000)]
  0x000002617dc2b9a0 JavaThread "Finalizer" daemon [_thread_blocked, id=43620, stack(0x000000e68a800000,0x000000e68a900000)]
  0x000002617dc32640 JavaThread "Signal Dispatcher" daemon [_thread_blocked, id=47388, stack(0x000000e68a900000,0x000000e68aa00000)]
  0x000002617dc36210 JavaThread "Attach Listener" daemon [_thread_blocked, id=43672, stack(0x000000e68aa00000,0x000000e68ab00000)]
  0x000002617dc38900 JavaThread "Service Thread" daemon [_thread_blocked, id=44200, stack(0x000000e68ab00000,0x000000e68ac00000)]
  0x000002617dc39180 JavaThread "Monitor Deflation Thread" daemon [_thread_blocked, id=47108, stack(0x000000e68ac00000,0x000000e68ad00000)]
  0x000002617dc3d190 JavaThread "C2 CompilerThread0" daemon [_thread_blocked, id=43364, stack(0x000000e68ad00000,0x000000e68ae00000)]
  0x000002617dc45cc0 JavaThread "C1 CompilerThread0" daemon [_thread_blocked, id=43648, stack(0x000000e68ae00000,0x000000e68af00000)]
  0x000002617dc4b270 JavaThread "Sweeper thread" daemon [_thread_blocked, id=41444, stack(0x000000e68af00000,0x000000e68b000000)]
  0x000002617dc48d40 JavaThread "Notification Thread" daemon [_thread_blocked, id=46504, stack(0x000000e68b000000,0x000000e68b100000)]
  0x000002617dc4b7c0 JavaThread "Common-Cleaner" daemon [_thread_blocked, id=46212, stack(0x000000e68b200000,0x000000e68b300000)]
  0x000002617dc49290 JavaThread "JADE Timer dispatcher" [_thread_blocked, id=40812, stack(0x000000e68b500000,0x000000e68b600000)]
  0x000002617dc4a7d0 JavaThread "JICPServer-1099" daemon [_thread_in_native, id=47724, stack(0x000000e68b600000,0x000000e68b700000)]
  0x000002617dc482a0 JavaThread "Thread-2" [_thread_blocked, id=47884, stack(0x000000e68b700000,0x000000e68b800000)]
  0x000002617dc4ad20 JavaThread "Thread-3" [_thread_in_native, id=32344, stack(0x000000e68b800000,0x000000e68b900000)]
  0x000002617dc487f0 JavaThread "Java2D Disposer" daemon [_thread_blocked, id=38764, stack(0x000000e68b400000,0x000000e68b500000)]
  0x000002617dc4a280 JavaThread "AWT-Windows" daemon [_thread_in_native, id=44160, stack(0x000000e68ba00000,0x000000e68bb00000)]
  0x00000261150f1690 JavaThread "Deliverer-00" [_thread_blocked, id=47204, stack(0x000000e68be10000,0x000000e68bf10000)]
  0x00000261150eb1a0 JavaThread "Deliverer-01" [_thread_blocked, id=43296, stack(0x000000e68bf10000,0x000000e68c010000)]
  0x00000261150f06a0 JavaThread "Deliverer-02" [_thread_blocked, id=43884, stack(0x000000e68c010000,0x000000e68c110000)]
  0x00000261150ef6b0 JavaThread "Deliverer-03" [_thread_blocked, id=8536, stack(0x000000e68c110000,0x000000e68c210000)]
  0x00000261150f2130 JavaThread "Deliverer-04" [_thread_blocked, id=47276, stack(0x000000e68c210000,0x000000e68c310000)]
  0x00000261150ef160 JavaThread "Thread-9" [_thread_in_native, id=47008, stack(0x000000e68b900000,0x000000e68ba00000)]
  0x00000261150f0bf0 JavaThread "ams" [_thread_blocked, id=35824, stack(0x000000e68bd10000,0x000000e68be10000)]
  0x00000261150ee6c0 JavaThread "df" [_thread_blocked, id=47812, stack(0x000000e68c310000,0x000000e68c410000)]
=>0x00000261150ed6d0 JavaThread "Neumologo" [_thread_in_native, id=45928, stack(0x000000e68c410000,0x000000e68c510000)]
  0x00000261150eb6f0 JavaThread "Dermatologo" [_thread_in_native, id=42492, stack(0x000000e68c510000,0x000000e68c610000)]
  0x00000261150ec6e0 JavaThread "Gastrointerologo" [_thread_in_native, id=40064, stack(0x000000e68c610000,0x000000e68c710000)]
  0x00000261150ebc40 JavaThread "Paciente" [_thread_blocked, id=47668, stack(0x000000e68c710000,0x000000e68c810000)]
  0x00000261150eec10 JavaThread "DestroyJavaVM" [_thread_blocked, id=47536, stack(0x000000e68a000000,0x000000e68a100000)]

Other Threads:
  0x000002617dc0d780 VMThread "VM Thread" [stack: 0x000000e68a600000,0x000000e68a700000] [id=43760]
  0x0000026110872dd0 WatcherThread "VM Periodic Task Thread" [stack: 0x000000e68b100000,0x000000e68b200000] [id=42356]
  0x000002616367c640 WorkerThread "GC Thread#0" [stack: 0x000000e68a100000,0x000000e68a200000] [id=46820]
  0x000002616368e830 ConcurrentGCThread "G1 Main Marker" [stack: 0x000000e68a200000,0x000000e68a300000] [id=38516]
  0x000002617da70b70 WorkerThread "G1 Conc#0" [stack: 0x000000e68a300000,0x000000e68a400000] [id=42996]
  0x000002617db35470 ConcurrentGCThread "G1 Refine#0" [stack: 0x000000e68a400000,0x000000e68a500000] [id=39968]
  0x000002617db36e60 ConcurrentGCThread "G1 Service" [stack: 0x000000e68a500000,0x000000e68a600000] [id=42920]

Threads with active compile tasks:

VM state: not at safepoint (normal execution)

VM Mutex/Monitor currently owned by a thread: None

Heap address: 0x0000000601000000, size: 8176 MB, Compressed Oops mode: Zero based, Oop shift amount: 3

CDS archive(s) mapped at: [0x0000000800000000-0x0000000800c30000-0x0000000800c30000), size 12779520, SharedBaseAddress: 0x0000000800000000, ArchiveRelocationMode: 0.
Compressed class space mapped at: 0x0000000801000000-0x0000000841000000, reserved size: 1073741824
Narrow klass base: 0x0000000800000000, Narrow klass shift: 0, Narrow klass range: 0x100000000

GC Precious Log:
 CardTable entry size: 512
 Card Set container configuration: InlinePtr #cards 4 size 8 Array Of Cards #cards 32 size 80 Howl #buckets 8 coarsen threshold 7372 Howl Bitmap #cards 1024 size 144 coarsen threshold 921 Card regions per heap region 1 cards per card region 8192
 CPUs: 12 total, 12 available
 Memory: 32691M
 Large Page Support: Disabled
 NUMA Support: Disabled
 Compressed Oops: Enabled (Zero based)
 Heap Region Size: 4M
 Heap Min Capacity: 8M
 Heap Initial Capacity: 512M
 Heap Max Capacity: 8176M
 Pre-touch: Disabled
 Parallel Workers: 10
 Concurrent Workers: 3
 Concurrent Refinement Workers: 10
 Periodic GC: Disabled

Heap:
 garbage-first heap   total 524288K, used 20480K [0x0000000601000000, 0x0000000800000000)
  region size 4096K, 6 young (24576K), 0 survivors (0K)
 Metaspace       used 8044K, committed 8256K, reserved 1114112K
  class space    used 856K, committed 960K, reserved 1048576K

Heap Regions: E=young(eden), S=young(survivor), O=old, HS=humongous(starts), HC=humongous(continues), CS=collection set, F=free, OA=open archive, CA=closed archive, TAMS=top-at-mark-start (previous, next)
|   0|0x0000000601000000, 0x0000000601000000, 0x0000000601400000|  0%| F|  |TAMS 0x0000000601000000, 0x0000000601000000| Untracked 
|   1|0x0000000601400000, 0x0000000601400000, 0x0000000601800000|  0%| F|  |TAMS 0x0000000601400000, 0x0000000601400000| Untracked 
|   2|0x0000000601800000, 0x0000000601800000, 0x0000000601c00000|  0%| F|  |TAMS 0x0000000601800000, 0x0000000601800000| Untracked 
|   3|0x0000000601c00000, 0x0000000601c00000, 0x0000000602000000|  0%| F|  |TAMS 0x0000000601c00000, 0x0000000601c00000| Untracked 
|   4|0x0000000602000000, 0x0000000602000000, 0x0000000602400000|  0%| F|  |TAMS 0x0000000602000000, 0x0000000602000000| Untracked 
|   5|0x0000000602400000, 0x0000000602400000, 0x0000000602800000|  0%| F|  |TAMS 0x0000000602400000, 0x0000000602400000| Untracked 
|   6|0x0000000602800000, 0x0000000602800000, 0x0000000602c00000|  0%| F|  |TAMS 0x0000000602800000, 0x0000000602800000| Untracked 
|   7|0x0000000602c00000, 0x0000000602c00000, 0x0000000603000000|  0%| F|  |TAMS 0x0000000602c00000, 0x0000000602c00000| Untracked 
|   8|0x0000000603000000, 0x0000000603000000, 0x0000000603400000|  0%| F|  |TAMS 0x0000000603000000, 0x0000000603000000| Untracked 
|   9|0x0000000603400000, 0x0000000603400000, 0x0000000603800000|  0%| F|  |TAMS 0x0000000603400000, 0x0000000603400000| Untracked 
|  10|0x0000000603800000, 0x0000000603800000, 0x0000000603c00000|  0%| F|  |TAMS 0x0000000603800000, 0x0000000603800000| Untracked 
|  11|0x0000000603c00000, 0x0000000603c00000, 0x0000000604000000|  0%| F|  |TAMS 0x0000000603c00000, 0x0000000603c00000| Untracked 
|  12|0x0000000604000000, 0x0000000604000000, 0x0000000604400000|  0%| F|  |TAMS 0x0000000604000000, 0x0000000604000000| Untracked 
|  13|0x0000000604400000, 0x0000000604400000, 0x0000000604800000|  0%| F|  |TAMS 0x0000000604400000, 0x0000000604400000| Untracked 
|  14|0x0000000604800000, 0x0000000604800000, 0x0000000604c00000|  0%| F|  |TAMS 0x0000000604800000, 0x0000000604800000| Untracked 
|  15|0x0000000604c00000, 0x0000000604c00000, 0x0000000605000000|  0%| F|  |TAMS 0x0000000604c00000, 0x0000000604c00000| Untracked 
|  16|0x0000000605000000, 0x0000000605000000, 0x0000000605400000|  0%| F|  |TAMS 0x0000000605000000, 0x0000000605000000| Untracked 
|  17|0x0000000605400000, 0x0000000605400000, 0x0000000605800000|  0%| F|  |TAMS 0x0000000605400000, 0x0000000605400000| Untracked 
|  18|0x0000000605800000, 0x0000000605800000, 0x0000000605c00000|  0%| F|  |TAMS 0x0000000605800000, 0x0000000605800000| Untracked 
|  19|0x0000000605c00000, 0x0000000605c00000, 0x0000000606000000|  0%| F|  |TAMS 0x0000000605c00000, 0x0000000605c00000| Untracked 
|  20|0x0000000606000000, 0x0000000606000000, 0x0000000606400000|  0%| F|  |TAMS 0x0000000606000000, 0x0000000606000000| Untracked 
|  21|0x0000000606400000, 0x0000000606400000, 0x0000000606800000|  0%| F|  |TAMS 0x0000000606400000, 0x0000000606400000| Untracked 
|  22|0x0000000606800000, 0x0000000606800000, 0x0000000606c00000|  0%| F|  |TAMS 0x0000000606800000, 0x0000000606800000| Untracked 
|  23|0x0000000606c00000, 0x0000000606c00000, 0x0000000607000000|  0%| F|  |TAMS 0x0000000606c00000, 0x0000000606c00000| Untracked 
|  24|0x0000000607000000, 0x0000000607000000, 0x0000000607400000|  0%| F|  |TAMS 0x0000000607000000, 0x0000000607000000| Untracked 
|  25|0x0000000607400000, 0x0000000607400000, 0x0000000607800000|  0%| F|  |TAMS 0x0000000607400000, 0x0000000607400000| Untracked 
|  26|0x0000000607800000, 0x0000000607800000, 0x0000000607c00000|  0%| F|  |TAMS 0x0000000607800000, 0x0000000607800000| Untracked 
|  27|0x0000000607c00000, 0x0000000607c00000, 0x0000000608000000|  0%| F|  |TAMS 0x0000000607c00000, 0x0000000607c00000| Untracked 
|  28|0x0000000608000000, 0x0000000608000000, 0x0000000608400000|  0%| F|  |TAMS 0x0000000608000000, 0x0000000608000000| Untracked 
|  29|0x0000000608400000, 0x0000000608400000, 0x0000000608800000|  0%| F|  |TAMS 0x0000000608400000, 0x0000000608400000| Untracked 
|  30|0x0000000608800000, 0x0000000608800000, 0x0000000608c00000|  0%| F|  |TAMS 0x0000000608800000, 0x0000000608800000| Untracked 
|  31|0x0000000608c00000, 0x0000000608c00000, 0x0000000609000000|  0%| F|  |TAMS 0x0000000608c00000, 0x0000000608c00000| Untracked 
|  32|0x0000000609000000, 0x0000000609000000, 0x0000000609400000|  0%| F|  |TAMS 0x0000000609000000, 0x0000000609000000| Untracked 
|  33|0x0000000609400000, 0x0000000609400000, 0x0000000609800000|  0%| F|  |TAMS 0x0000000609400000, 0x0000000609400000| Untracked 
|  34|0x0000000609800000, 0x0000000609800000, 0x0000000609c00000|  0%| F|  |TAMS 0x0000000609800000, 0x0000000609800000| Untracked 
|  35|0x0000000609c00000, 0x0000000609c00000, 0x000000060a000000|  0%| F|  |TAMS 0x0000000609c00000, 0x0000000609c00000| Untracked 
|  36|0x000000060a000000, 0x000000060a000000, 0x000000060a400000|  0%| F|  |TAMS 0x000000060a000000, 0x000000060a000000| Untracked 
|  37|0x000000060a400000, 0x000000060a400000, 0x000000060a800000|  0%| F|  |TAMS 0x000000060a400000, 0x000000060a400000| Untracked 
|  38|0x000000060a800000, 0x000000060a800000, 0x000000060ac00000|  0%| F|  |TAMS 0x000000060a800000, 0x000000060a800000| Untracked 
|  39|0x000000060ac00000, 0x000000060ac00000, 0x000000060b000000|  0%| F|  |TAMS 0x000000060ac00000, 0x000000060ac00000| Untracked 
|  40|0x000000060b000000, 0x000000060b000000, 0x000000060b400000|  0%| F|  |TAMS 0x000000060b000000, 0x000000060b000000| Untracked 
|  41|0x000000060b400000, 0x000000060b400000, 0x000000060b800000|  0%| F|  |TAMS 0x000000060b400000, 0x000000060b400000| Untracked 
|  42|0x000000060b800000, 0x000000060b800000, 0x000000060bc00000|  0%| F|  |TAMS 0x000000060b800000, 0x000000060b800000| Untracked 
|  43|0x000000060bc00000, 0x000000060bc00000, 0x000000060c000000|  0%| F|  |TAMS 0x000000060bc00000, 0x000000060bc00000| Untracked 
|  44|0x000000060c000000, 0x000000060c000000, 0x000000060c400000|  0%| F|  |TAMS 0x000000060c000000, 0x000000060c000000| Untracked 
|  45|0x000000060c400000, 0x000000060c400000, 0x000000060c800000|  0%| F|  |TAMS 0x000000060c400000, 0x000000060c400000| Untracked 
|  46|0x000000060c800000, 0x000000060c800000, 0x000000060cc00000|  0%| F|  |TAMS 0x000000060c800000, 0x000000060c800000| Untracked 
|  47|0x000000060cc00000, 0x000000060cc00000, 0x000000060d000000|  0%| F|  |TAMS 0x000000060cc00000, 0x000000060cc00000| Untracked 
|  48|0x000000060d000000, 0x000000060d000000, 0x000000060d400000|  0%| F|  |TAMS 0x000000060d000000, 0x000000060d000000| Untracked 
|  49|0x000000060d400000, 0x000000060d400000, 0x000000060d800000|  0%| F|  |TAMS 0x000000060d400000, 0x000000060d400000| Untracked 
|  50|0x000000060d800000, 0x000000060d800000, 0x000000060dc00000|  0%| F|  |TAMS 0x000000060d800000, 0x000000060d800000| Untracked 
|  51|0x000000060dc00000, 0x000000060dc00000, 0x000000060e000000|  0%| F|  |TAMS 0x000000060dc00000, 0x000000060dc00000| Untracked 
|  52|0x000000060e000000, 0x000000060e000000, 0x000000060e400000|  0%| F|  |TAMS 0x000000060e000000, 0x000000060e000000| Untracked 
|  53|0x000000060e400000, 0x000000060e400000, 0x000000060e800000|  0%| F|  |TAMS 0x000000060e400000, 0x000000060e400000| Untracked 
|  54|0x000000060e800000, 0x000000060e800000, 0x000000060ec00000|  0%| F|  |TAMS 0x000000060e800000, 0x000000060e800000| Untracked 
|  55|0x000000060ec00000, 0x000000060ec00000, 0x000000060f000000|  0%| F|  |TAMS 0x000000060ec00000, 0x000000060ec00000| Untracked 
|  56|0x000000060f000000, 0x000000060f000000, 0x000000060f400000|  0%| F|  |TAMS 0x000000060f000000, 0x000000060f000000| Untracked 
|  57|0x000000060f400000, 0x000000060f400000, 0x000000060f800000|  0%| F|  |TAMS 0x000000060f400000, 0x000000060f400000| Untracked 
|  58|0x000000060f800000, 0x000000060f800000, 0x000000060fc00000|  0%| F|  |TAMS 0x000000060f800000, 0x000000060f800000| Untracked 
|  59|0x000000060fc00000, 0x000000060fc00000, 0x0000000610000000|  0%| F|  |TAMS 0x000000060fc00000, 0x000000060fc00000| Untracked 
|  60|0x0000000610000000, 0x0000000610000000, 0x0000000610400000|  0%| F|  |TAMS 0x0000000610000000, 0x0000000610000000| Untracked 
|  61|0x0000000610400000, 0x0000000610400000, 0x0000000610800000|  0%| F|  |TAMS 0x0000000610400000, 0x0000000610400000| Untracked 
|  62|0x0000000610800000, 0x0000000610800000, 0x0000000610c00000|  0%| F|  |TAMS 0x0000000610800000, 0x0000000610800000| Untracked 
|  63|0x0000000610c00000, 0x0000000610c00000, 0x0000000611000000|  0%| F|  |TAMS 0x0000000610c00000, 0x0000000610c00000| Untracked 
|  64|0x0000000611000000, 0x0000000611000000, 0x0000000611400000|  0%| F|  |TAMS 0x0000000611000000, 0x0000000611000000| Untracked 
|  65|0x0000000611400000, 0x0000000611400000, 0x0000000611800000|  0%| F|  |TAMS 0x0000000611400000, 0x0000000611400000| Untracked 
|  66|0x0000000611800000, 0x0000000611800000, 0x0000000611c00000|  0%| F|  |TAMS 0x0000000611800000, 0x0000000611800000| Untracked 
|  67|0x0000000611c00000, 0x0000000611c00000, 0x0000000612000000|  0%| F|  |TAMS 0x0000000611c00000, 0x0000000611c00000| Untracked 
|  68|0x0000000612000000, 0x0000000612000000, 0x0000000612400000|  0%| F|  |TAMS 0x0000000612000000, 0x0000000612000000| Untracked 
|  69|0x0000000612400000, 0x0000000612400000, 0x0000000612800000|  0%| F|  |TAMS 0x0000000612400000, 0x0000000612400000| Untracked 
|  70|0x0000000612800000, 0x0000000612800000, 0x0000000612c00000|  0%| F|  |TAMS 0x0000000612800000, 0x0000000612800000| Untracked 
|  71|0x0000000612c00000, 0x0000000612c00000, 0x0000000613000000|  0%| F|  |TAMS 0x0000000612c00000, 0x0000000612c00000| Untracked 
|  72|0x0000000613000000, 0x0000000613000000, 0x0000000613400000|  0%| F|  |TAMS 0x0000000613000000, 0x0000000613000000| Untracked 
|  73|0x0000000613400000, 0x0000000613400000, 0x0000000613800000|  0%| F|  |TAMS 0x0000000613400000, 0x0000000613400000| Untracked 
|  74|0x0000000613800000, 0x0000000613800000, 0x0000000613c00000|  0%| F|  |TAMS 0x0000000613800000, 0x0000000613800000| Untracked 
|  75|0x0000000613c00000, 0x0000000613c00000, 0x0000000614000000|  0%| F|  |TAMS 0x0000000613c00000, 0x0000000613c00000| Untracked 
|  76|0x0000000614000000, 0x0000000614000000, 0x0000000614400000|  0%| F|  |TAMS 0x0000000614000000, 0x0000000614000000| Untracked 
|  77|0x0000000614400000, 0x0000000614400000, 0x0000000614800000|  0%| F|  |TAMS 0x0000000614400000, 0x0000000614400000| Untracked 
|  78|0x0000000614800000, 0x0000000614800000, 0x0000000614c00000|  0%| F|  |TAMS 0x0000000614800000, 0x0000000614800000| Untracked 
|  79|0x0000000614c00000, 0x0000000614c00000, 0x0000000615000000|  0%| F|  |TAMS 0x0000000614c00000, 0x0000000614c00000| Untracked 
|  80|0x0000000615000000, 0x0000000615000000, 0x0000000615400000|  0%| F|  |TAMS 0x0000000615000000, 0x0000000615000000| Untracked 
|  81|0x0000000615400000, 0x0000000615400000, 0x0000000615800000|  0%| F|  |TAMS 0x0000000615400000, 0x0000000615400000| Untracked 
|  82|0x0000000615800000, 0x0000000615800000, 0x0000000615c00000|  0%| F|  |TAMS 0x0000000615800000, 0x0000000615800000| Untracked 
|  83|0x0000000615c00000, 0x0000000615c00000, 0x0000000616000000|  0%| F|  |TAMS 0x0000000615c00000, 0x0000000615c00000| Untracked 
|  84|0x0000000616000000, 0x0000000616000000, 0x0000000616400000|  0%| F|  |TAMS 0x0000000616000000, 0x0000000616000000| Untracked 
|  85|0x0000000616400000, 0x0000000616400000, 0x0000000616800000|  0%| F|  |TAMS 0x0000000616400000, 0x0000000616400000| Untracked 
|  86|0x0000000616800000, 0x0000000616800000, 0x0000000616c00000|  0%| F|  |TAMS 0x0000000616800000, 0x0000000616800000| Untracked 
|  87|0x0000000616c00000, 0x0000000616c00000, 0x0000000617000000|  0%| F|  |TAMS 0x0000000616c00000, 0x0000000616c00000| Untracked 
|  88|0x0000000617000000, 0x0000000617000000, 0x0000000617400000|  0%| F|  |TAMS 0x0000000617000000, 0x0000000617000000| Untracked 
|  89|0x0000000617400000, 0x0000000617400000, 0x0000000617800000|  0%| F|  |TAMS 0x0000000617400000, 0x0000000617400000| Untracked 
|  90|0x0000000617800000, 0x0000000617800000, 0x0000000617c00000|  0%| F|  |TAMS 0x0000000617800000, 0x0000000617800000| Untracked 
|  91|0x0000000617c00000, 0x0000000617c00000, 0x0000000618000000|  0%| F|  |TAMS 0x0000000617c00000, 0x0000000617c00000| Untracked 
|  92|0x0000000618000000, 0x0000000618000000, 0x0000000618400000|  0%| F|  |TAMS 0x0000000618000000, 0x0000000618000000| Untracked 
|  93|0x0000000618400000, 0x0000000618400000, 0x0000000618800000|  0%| F|  |TAMS 0x0000000618400000, 0x0000000618400000| Untracked 
|  94|0x0000000618800000, 0x0000000618800000, 0x0000000618c00000|  0%| F|  |TAMS 0x0000000618800000, 0x0000000618800000| Untracked 
|  95|0x0000000618c00000, 0x0000000618c00000, 0x0000000619000000|  0%| F|  |TAMS 0x0000000618c00000, 0x0000000618c00000| Untracked 
|  96|0x0000000619000000, 0x0000000619000000, 0x0000000619400000|  0%| F|  |TAMS 0x0000000619000000, 0x0000000619000000| Untracked 
|  97|0x0000000619400000, 0x0000000619400000, 0x0000000619800000|  0%| F|  |TAMS 0x0000000619400000, 0x0000000619400000| Untracked 
|  98|0x0000000619800000, 0x0000000619800000, 0x0000000619c00000|  0%| F|  |TAMS 0x0000000619800000, 0x0000000619800000| Untracked 
|  99|0x0000000619c00000, 0x0000000619c00000, 0x000000061a000000|  0%| F|  |TAMS 0x0000000619c00000, 0x0000000619c00000| Untracked 
| 100|0x000000061a000000, 0x000000061a000000, 0x000000061a400000|  0%| F|  |TAMS 0x000000061a000000, 0x000000061a000000| Untracked 
| 101|0x000000061a400000, 0x000000061a400000, 0x000000061a800000|  0%| F|  |TAMS 0x000000061a400000, 0x000000061a400000| Untracked 
| 102|0x000000061a800000, 0x000000061a800000, 0x000000061ac00000|  0%| F|  |TAMS 0x000000061a800000, 0x000000061a800000| Untracked 
| 103|0x000000061ac00000, 0x000000061ac00000, 0x000000061b000000|  0%| F|  |TAMS 0x000000061ac00000, 0x000000061ac00000| Untracked 
| 104|0x000000061b000000, 0x000000061b000000, 0x000000061b400000|  0%| F|  |TAMS 0x000000061b000000, 0x000000061b000000| Untracked 
| 105|0x000000061b400000, 0x000000061b400000, 0x000000061b800000|  0%| F|  |TAMS 0x000000061b400000, 0x000000061b400000| Untracked 
| 106|0x000000061b800000, 0x000000061b800000, 0x000000061bc00000|  0%| F|  |TAMS 0x000000061b800000, 0x000000061b800000| Untracked 
| 107|0x000000061bc00000, 0x000000061bc00000, 0x000000061c000000|  0%| F|  |TAMS 0x000000061bc00000, 0x000000061bc00000| Untracked 
| 108|0x000000061c000000, 0x000000061c000000, 0x000000061c400000|  0%| F|  |TAMS 0x000000061c000000, 0x000000061c000000| Untracked 
| 109|0x000000061c400000, 0x000000061c400000, 0x000000061c800000|  0%| F|  |TAMS 0x000000061c400000, 0x000000061c400000| Untracked 
| 110|0x000000061c800000, 0x000000061c800000, 0x000000061cc00000|  0%| F|  |TAMS 0x000000061c800000, 0x000000061c800000| Untracked 
| 111|0x000000061cc00000, 0x000000061cc00000, 0x000000061d000000|  0%| F|  |TAMS 0x000000061cc00000, 0x000000061cc00000| Untracked 
| 112|0x000000061d000000, 0x000000061d000000, 0x000000061d400000|  0%| F|  |TAMS 0x000000061d000000, 0x000000061d000000| Untracked 
| 113|0x000000061d400000, 0x000000061d400000, 0x000000061d800000|  0%| F|  |TAMS 0x000000061d400000, 0x000000061d400000| Untracked 
| 114|0x000000061d800000, 0x000000061d800000, 0x000000061dc00000|  0%| F|  |TAMS 0x000000061d800000, 0x000000061d800000| Untracked 
| 115|0x000000061dc00000, 0x000000061dc00000, 0x000000061e000000|  0%| F|  |TAMS 0x000000061dc00000, 0x000000061dc00000| Untracked 
| 116|0x000000061e000000, 0x000000061e000000, 0x000000061e400000|  0%| F|  |TAMS 0x000000061e000000, 0x000000061e000000| Untracked 
| 117|0x000000061e400000, 0x000000061e400000, 0x000000061e800000|  0%| F|  |TAMS 0x000000061e400000, 0x000000061e400000| Untracked 
| 118|0x000000061e800000, 0x000000061e800000, 0x000000061ec00000|  0%| F|  |TAMS 0x000000061e800000, 0x000000061e800000| Untracked 
| 119|0x000000061ec00000, 0x000000061ec00000, 0x000000061f000000|  0%| F|  |TAMS 0x000000061ec00000, 0x000000061ec00000| Untracked 
| 120|0x000000061f000000, 0x000000061f000000, 0x000000061f400000|  0%| F|  |TAMS 0x000000061f000000, 0x000000061f000000| Untracked 
| 121|0x000000061f400000, 0x000000061f400000, 0x000000061f800000|  0%| F|  |TAMS 0x000000061f400000, 0x000000061f400000| Untracked 
| 122|0x000000061f800000, 0x000000061f8f6450, 0x000000061fc00000| 24%| E|  |TAMS 0x000000061f800000, 0x000000061f800000| Complete 
| 123|0x000000061fc00000, 0x0000000620000000, 0x0000000620000000|100%| E|CS|TAMS 0x000000061fc00000, 0x000000061fc00000| Complete 
| 124|0x0000000620000000, 0x0000000620400000, 0x0000000620400000|100%| E|CS|TAMS 0x0000000620000000, 0x0000000620000000| Complete 
| 125|0x0000000620400000, 0x0000000620800000, 0x0000000620800000|100%| E|CS|TAMS 0x0000000620400000, 0x0000000620400000| Complete 
| 126|0x0000000620800000, 0x0000000620c00000, 0x0000000620c00000|100%| E|CS|TAMS 0x0000000620800000, 0x0000000620800000| Complete 
| 127|0x0000000620c00000, 0x0000000621000000, 0x0000000621000000|100%| E|CS|TAMS 0x0000000620c00000, 0x0000000620c00000| Complete 

Card table byte_map: [0x000002617ba70000,0x000002617ca70000] _byte_map_base: 0x0000026178a68000

Marking Bits (Prev, Next): (CMBitMap*) 0x000002616367dc80, (CMBitMap*) 0x000002616367dcc0
 Prev Bits: [0x0000026100000000, 0x0000026107fc0000)
 Next Bits: [0x0000026107fc0000, 0x000002610ff80000)

Polling page: 0x0000026161590000

Metaspace:

Usage:
  Non-class:      7.02 MB used.
      Class:    856.05 KB used.
       Both:      7.86 MB used.

Virtual space:
  Non-class space:       64.00 MB reserved,       7.12 MB ( 11%) committed,  1 nodes.
      Class space:        1.00 GB reserved,     960.00 KB ( <1%) committed,  1 nodes.
             Both:        1.06 GB reserved,       8.06 MB ( <1%) committed. 

Chunk freelists:
   Non-Class:  400.00 KB
       Class:  3.04 MB
        Both:  3.44 MB

MaxMetaspaceSize: unlimited
CompressedClassSpaceSize: 1.00 GB
Initial GC threshold: 21.00 MB
Current GC threshold: 21.00 MB
CDS: on
MetaspaceReclaimPolicy: balanced
 - commit_granule_bytes: 65536.
 - commit_granule_words: 8192.
 - virtual_space_node_default_size: 8388608.
 - enlarge_chunks_in_place: 1.
 - new_chunks_are_fully_committed: 0.
 - uncommit_free_chunks: 1.
 - use_allocation_guard: 0.


Internal statistics:

num_allocs_failed_limit: 0.
num_arena_births: 96.
num_arena_deaths: 0.
num_vsnodes_births: 2.
num_vsnodes_deaths: 0.
num_space_committed: 129.
num_space_uncommitted: 0.
num_chunks_returned_to_freelist: 0.
num_chunks_taken_from_freelist: 221.
num_chunk_merges: 0.
num_chunk_splits: 165.
num_chunks_enlarged: 134.
num_inconsistent_stats: 0.

CodeHeap 'non-profiled nmethods': size=120000Kb used=273Kb max_used=273Kb free=119726Kb
 bounds [0x0000026172ff0000, 0x0000026173260000, 0x000002617a520000]
CodeHeap 'profiled nmethods': size=120000Kb used=1540Kb max_used=1540Kb free=118460Kb
 bounds [0x000002616b520000, 0x000002616b790000, 0x0000026172a50000]
CodeHeap 'non-nmethods': size=5760Kb used=1307Kb max_used=1324Kb free=4453Kb
 bounds [0x0000026172a50000, 0x0000026172cc0000, 0x0000026172ff0000]
 total_blobs=1448 nmethods=913 adapters=446
 compilation: enabled
              stopped_count=0, restarted_count=0
 full_count=0

Compilation events (20 events):
Event: 5.703 Thread 0x000002617dc45cc0  832       3       jdk.internal.loader.URLClassPath$JarLoader$2::getManifest (26 bytes)
Event: 5.703 Thread 0x000002617dc45cc0 nmethod 832 0x000002616b685f90 code [0x000002616b6861e0, 0x000002616b686938]
Event: 5.703 Thread 0x000002617dc45cc0  833       3       java.util.jar.JavaUtilJarAccessImpl::ensureInitialization (5 bytes)
Event: 5.704 Thread 0x000002617dc45cc0 nmethod 833 0x000002616b686d10 code [0x000002616b686ec0, 0x000002616b687088]
Event: 5.704 Thread 0x000002617dc45cc0  841  s    1       java.util.Vector::size (5 bytes)
Event: 5.704 Thread 0x000002617dc45cc0 nmethod 841 0x000002617302c310 code [0x000002617302c4a0, 0x000002617302c618]
Event: 5.704 Thread 0x000002617dc45cc0  844       3       java.util.logging.Logger::isLoggable (27 bytes)
Event: 5.704 Thread 0x000002617dc45cc0 nmethod 844 0x000002616b687190 code [0x000002616b687340, 0x000002616b687518]
Event: 5.705 Thread 0x000002617dc45cc0  845       3       java.lang.Integer::stringSize (47 bytes)
Event: 5.705 Thread 0x000002617dc45cc0 nmethod 845 0x000002616b687610 code [0x000002616b6877c0, 0x000002616b687a18]
Event: 5.705 Thread 0x000002617dc45cc0  846       3       java.lang.Integer::getChars (121 bytes)
Event: 5.706 Thread 0x000002617dc45cc0 nmethod 846 0x000002616b687b10 code [0x000002616b687ce0, 0x000002616b688138]
Event: 5.706 Thread 0x000002617dc45cc0  847       1       java.util.stream.FindOps$FindSink::cancellationRequested (5 bytes)
Event: 5.706 Thread 0x000002617dc45cc0 nmethod 847 0x000002617302c690 code [0x000002617302c820, 0x000002617302c8f8]
Event: 5.706 Thread 0x000002617dc45cc0  851       3       java.util.concurrent.locks.ReentrantLock$NonfairSync::initialTryLock (58 bytes)
Event: 5.706 Thread 0x000002617dc45cc0 nmethod 851 0x000002616b688390 code [0x000002616b688580, 0x000002616b688998]
Event: 5.706 Thread 0x000002617dc45cc0  848       3       java.util.regex.Pattern$GroupTail::match (111 bytes)
Event: 5.706 Thread 0x000002617dc45cc0 nmethod 848 0x000002616b688a90 code [0x000002616b688c60, 0x000002616b689028]
Event: 5.706 Thread 0x000002617dc45cc0  850       1       java.util.Formatter$FormatSpecifier::index (5 bytes)
Event: 5.706 Thread 0x000002617dc45cc0 nmethod 850 0x000002617302c990 code [0x000002617302cb20, 0x000002617302cbd8]

GC Heap History (0 events):
No events

Dll operation events (10 events):
Event: 0.008 Loaded shared library C:\Program Files\Java\jdk-19.0.1\bin\java.dll
Event: 0.017 Loaded shared library C:\Program Files\Java\jdk-19.0.1\bin\jsvml.dll
Event: 0.051 Loaded shared library C:\Program Files\Java\jdk-19.0.1\bin\net.dll
Event: 0.053 Loaded shared library C:\Program Files\Java\jdk-19.0.1\bin\nio.dll
Event: 0.059 Loaded shared library C:\Program Files\Java\jdk-19.0.1\bin\zip.dll
Event: 0.062 Loaded shared library C:\Program Files\Java\jdk-19.0.1\bin\verify.dll
Event: 0.085 Loaded shared library C:\Program Files\Java\jdk-19.0.1\bin\jimage.dll
Event: 0.213 Loaded shared library C:\Program Files\Java\jdk-19.0.1\bin\extnet.dll
Event: 0.301 Loaded shared library C:\Program Files\Java\jdk-19.0.1\bin\awt.dll
Event: 5.692 Loaded shared library F:\Documents\Java\knowledge-based-systems\lib\CLIPSJNI.dll

Deoptimization events (20 events):
Event: 5.686 Thread 0x00000261150ee6c0 DEOPT PACKING pc=0x000002616b654054 sp=0x000000e68c409890
Event: 5.686 Thread 0x00000261150ee6c0 DEOPT UNPACKING pc=0x0000026172ab7543 sp=0x000000e68c408df0 mode 0
Event: 5.686 Thread 0x00000261150ee6c0 DEOPT PACKING pc=0x000002616b654054 sp=0x000000e68c40b1e0
Event: 5.686 Thread 0x00000261150ee6c0 DEOPT UNPACKING pc=0x0000026172ab7543 sp=0x000000e68c40a740 mode 0
Event: 5.704 Thread 0x00000261150ed6d0 Uncommon trap: trap_request=0xffffff45 fr.pc=0x0000026173000764 relative=0x0000000000000144
Event: 5.704 Thread 0x00000261150ec6e0 Uncommon trap: trap_request=0xffffff45 fr.pc=0x0000026173000764 relative=0x0000000000000144
Event: 5.705 Thread 0x00000261150eb6f0 Uncommon trap: trap_request=0xffffff45 fr.pc=0x0000026173000764 relative=0x0000000000000144
Event: 5.705 Thread 0x00000261150ed6d0 Uncommon trap: reason=unstable_if action=reinterpret pc=0x0000026173000764 method=java.util.concurrent.locks.ReentrantLock$NonfairSync.initialTryLock()Z @ 10 c2
Event: 5.705 Thread 0x00000261150ec6e0 Uncommon trap: reason=unstable_if action=reinterpret pc=0x0000026173000764 method=java.util.concurrent.locks.ReentrantLock$NonfairSync.initialTryLock()Z @ 10 c2
Event: 5.705 Thread 0x00000261150eb6f0 Uncommon trap: reason=unstable_if action=reinterpret pc=0x0000026173000764 method=java.util.concurrent.locks.ReentrantLock$NonfairSync.initialTryLock()Z @ 10 c2
Event: 5.705 Thread 0x00000261150ed6d0 DEOPT PACKING pc=0x0000026173000764 sp=0x000000e68c50f190
Event: 5.705 Thread 0x00000261150ec6e0 DEOPT PACKING pc=0x0000026173000764 sp=0x000000e68c70f290
Event: 5.705 Thread 0x00000261150ed6d0 DEOPT UNPACKING pc=0x0000026172ab6da3 sp=0x000000e68c50f138 mode 2
Event: 5.705 Thread 0x00000261150ec6e0 DEOPT UNPACKING pc=0x0000026172ab6da3 sp=0x000000e68c70f238 mode 2
Event: 5.705 Thread 0x00000261150eb6f0 DEOPT PACKING pc=0x0000026173000764 sp=0x000000e68c60f080
Event: 5.705 Thread 0x00000261150eb6f0 DEOPT UNPACKING pc=0x0000026172ab6da3 sp=0x000000e68c60f028 mode 2
Event: 5.705 Thread 0x00000261150eb6f0 Uncommon trap: trap_request=0xffffff45 fr.pc=0x0000026173003ae8 relative=0x00000000000000c8
Event: 5.705 Thread 0x00000261150eb6f0 Uncommon trap: reason=unstable_if action=reinterpret pc=0x0000026173003ae8 method=java.util.concurrent.locks.ReentrantLock$Sync.tryRelease(I)Z @ 26 c2
Event: 5.705 Thread 0x00000261150eb6f0 DEOPT PACKING pc=0x0000026173003ae8 sp=0x000000e68c60f080
Event: 5.705 Thread 0x00000261150eb6f0 DEOPT UNPACKING pc=0x0000026172ab6da3 sp=0x000000e68c60f020 mode 2

Classes loaded (20 events):
Event: 5.669 Loading class org/xml/sax/ext/Attributes2 done
Event: 5.669 Loading class com/sun/org/apache/xerces/internal/parsers/AbstractSAXParser$AttributesProxy done
Event: 5.673 Loading class java/io/PrintWriter
Event: 5.673 Loading class java/io/PrintWriter done
Event: 5.673 Loading class java/io/PrintWriter$1
Event: 5.673 Loading class jdk/internal/access/JavaIOPrintWriterAccess
Event: 5.673 Loading class jdk/internal/access/JavaIOPrintWriterAccess done
Event: 5.673 Loading class java/io/PrintWriter$1 done
Event: 5.673 Loading class sun/nio/cs/UTF_8$Encoder
Event: 5.674 Loading class sun/nio/cs/UTF_8$Encoder done
Event: 5.675 Loading class java/io/FileOutputStream$1
Event: 5.675 Loading class java/io/FileOutputStream$1 done
Event: 5.685 Loading class jdk/internal/loader/URLClassPath$FileLoader$1
Event: 5.685 Loading class jdk/internal/loader/URLClassPath$FileLoader$1 done
Event: 5.689 Loading class java/util/concurrent/Callable
Event: 5.690 Loading class java/util/concurrent/Callable done
Event: 5.692 Loading class java/util/BitSet
Event: 5.692 Loading class java/util/BitSet done
Event: 5.705 Loading class java/util/concurrent/locks/AbstractQueuedSynchronizer$ExclusiveNode
Event: 5.705 Loading class java/util/concurrent/locks/AbstractQueuedSynchronizer$ExclusiveNode done

Classes unloaded (0 events):
No events

Classes redefined (0 events):
No events

Internal exceptions (14 events):
Event: 0.142 Thread 0x00000261635ca650 Exception <a 'java/lang/NoSuchMethodError'{0x00000006208057e8}: 'java.lang.Object java.lang.invoke.DirectMethodHandle$Holder.invokeStatic(java.lang.Object, int, java.lang.Object)'> (0x00000006208057e8) 
thrown [s\open\src\hotspot\share\interpreter\linkResolver.cpp, line 774]
Event: 0.143 Thread 0x00000261635ca650 Exception <a 'java/lang/NoSuchMethodError'{0x000000062080d8f0}: 'java.lang.Object java.lang.invoke.DirectMethodHandle$Holder.invokeStaticInit(java.lang.Object)'> (0x000000062080d8f0) 
thrown [s\open\src\hotspot\share\interpreter\linkResolver.cpp, line 774]
Event: 0.145 Thread 0x00000261635ca650 Exception <a 'java/lang/NoSuchMethodError'{0x0000000620818ec0}: 'void java.lang.invoke.DirectMethodHandle$Holder.invokeSpecial(java.lang.Object, java.lang.Object, java.lang.Object)'> (0x0000000620818ec0) 
thrown [s\open\src\hotspot\share\interpreter\linkResolver.cpp, line 774]
Event: 0.156 Thread 0x00000261635ca650 Exception <a 'java/lang/ClassNotFoundException'{0x000000062085e500}: sun/util/logging/resources/spi/loggingProvider> (0x000000062085e500) 
thrown [s\open\src\hotspot\share\classfile\systemDictionary.cpp, line 255]
Event: 0.177 Thread 0x00000261635ca650 Exception <a 'java/lang/NoSuchMethodError'{0x00000006208f5c28}: 'void java.lang.invoke.DirectMethodHandle$Holder.invokeStatic(java.lang.Object, int, java.lang.Object)'> (0x00000006208f5c28) 
thrown [s\open\src\hotspot\share\interpreter\linkResolver.cpp, line 774]
Event: 0.209 Thread 0x00000261635ca650 Exception <a 'java/io/FileNotFoundException'{0x000000062096dfa8}> (0x000000062096dfa8) 
thrown [s\open\src\hotspot\share\prims\jni.cpp, line 517]
Event: 0.214 Thread 0x00000261635ca650 Exception <a 'java/lang/NoSuchMethodError'{0x0000000620973138}: 'void java.lang.invoke.DirectMethodHandle$Holder.invokeStatic(java.lang.Object, java.lang.Object)'> (0x0000000620973138) 
thrown [s\open\src\hotspot\share\interpreter\linkResolver.cpp, line 774]
Event: 0.225 Thread 0x00000261635ca650 Exception <a 'java/lang/NoSuchMethodError'{0x00000006209a52e0}: 'void java.lang.invoke.DirectMethodHandle$Holder.invokeStatic(java.lang.Object, java.lang.Object, java.lang.Object)'> (0x00000006209a52e0) 
thrown [s\open\src\hotspot\share\interpreter\linkResolver.cpp, line 774]
Event: 0.228 Thread 0x00000261635ca650 Exception <a 'java/lang/NoSuchMethodError'{0x00000006209b3620}: 'java.lang.Object java.lang.invoke.DirectMethodHandle$Holder.newInvokeSpecial(java.lang.Object, java.lang.Object, int, java.lang.Object)'> (0x00000006209b3620) 
thrown [s\open\src\hotspot\share\interpreter\linkResolver.cpp, line 774]
Event: 0.229 Thread 0x00000261635ca650 Exception <a 'java/lang/NoSuchMethodError'{0x00000006209b7a38}: 'java.lang.Object java.lang.invoke.DirectMethodHandle$Holder.invokeSpecial(java.lang.Object, java.lang.Object, java.lang.Object, int, java.lang.Object)'> (0x00000006209b7a38) 
thrown [s\open\src\hotspot\share\interpreter\linkResolver.cpp, line 774]
Event: 0.229 Thread 0x00000261635ca650 Exception <a 'java/lang/NoSuchMethodError'{0x00000006209bb660}: 'java.lang.Object java.lang.invoke.Invokers$Holder.invoke_MT(java.lang.Object, java.lang.Object, int, java.lang.Object, java.lang.Object)'> (0x00000006209bb660) 
thrown [s\open\src\hotspot\share\interpreter\linkResolver.cpp, line 774]
Event: 0.297 Thread 0x00000261635ca650 Exception <a 'java/lang/ClassNotFoundException'{0x00000006205b5e00}: sun/awt/resources/spi/awtProvider> (0x00000006205b5e00) 
thrown [s\open\src\hotspot\share\classfile\systemDictionary.cpp, line 255]
Event: 0.302 Thread 0x00000261635ca650 Exception <a 'java/io/FileNotFoundException'{0x00000006205bbdb0}> (0x00000006205bbdb0) 
thrown [s\open\src\hotspot\share\prims\jni.cpp, line 517]
Event: 0.307 Thread 0x00000261635ca650 Exception <a 'java/io/FileNotFoundException'{0x00000006205e8278}> (0x00000006205e8278) 
thrown [s\open\src\hotspot\share\prims\jni.cpp, line 517]

VM Operations (12 events):
Event: 0.060 Executing VM operation: HandshakeAllThreads
Event: 0.060 Executing VM operation: HandshakeAllThreads done
Event: 0.556 Executing VM operation: HandshakeAllThreads
Event: 0.556 Executing VM operation: HandshakeAllThreads done
Event: 1.568 Executing VM operation: Cleanup
Event: 1.568 Executing VM operation: Cleanup done
Event: 5.685 Executing VM operation: HandshakeAllThreads
Event: 5.686 Executing VM operation: HandshakeAllThreads done
Event: 5.686 Executing VM operation: Cleanup
Event: 5.686 Executing VM operation: Cleanup done
Event: 5.705 Executing VM operation: HandshakeAllThreads
Event: 5.705 Executing VM operation: HandshakeAllThreads done

Events (20 events):
Event: 0.269 Thread 0x0000026110940320 Thread exited: 0x0000026110940320
Event: 0.334 Thread 0x000002617dc487f0 Thread added: 0x000002617dc487f0
Event: 0.335 Thread 0x000002617dc497e0 Thread added: 0x000002617dc497e0
Event: 0.336 Thread 0x000002617dc4a280 Thread added: 0x000002617dc4a280
Event: 0.461 Thread 0x0000026110941b40 Thread exited: 0x0000026110941b40
Event: 0.579 Thread 0x000002611c0604a0 Thread added: 0x000002611c0604a0
Event: 0.590 Thread 0x00000261150f1690 Thread added: 0x00000261150f1690
Event: 0.590 Thread 0x00000261150eb1a0 Thread added: 0x00000261150eb1a0
Event: 0.590 Thread 0x00000261150f06a0 Thread added: 0x00000261150f06a0
Event: 0.590 Thread 0x00000261150ef6b0 Thread added: 0x00000261150ef6b0
Event: 0.590 Thread 0x00000261150f2130 Thread added: 0x00000261150f2130
Event: 1.554 Thread 0x000002617dc497e0 Thread exited: 0x000002617dc497e0
Event: 5.634 Thread 0x000002611c0604a0 Thread exited: 0x000002611c0604a0
Event: 5.670 Thread 0x00000261150ef160 Thread added: 0x00000261150ef160
Event: 5.682 Thread 0x00000261150f0bf0 Thread added: 0x00000261150f0bf0
Event: 5.684 Thread 0x00000261150ee6c0 Thread added: 0x00000261150ee6c0
Event: 5.703 Thread 0x00000261150ed6d0 Thread added: 0x00000261150ed6d0
Event: 5.703 Thread 0x00000261150eb6f0 Thread added: 0x00000261150eb6f0
Event: 5.704 Thread 0x00000261150ec6e0 Thread added: 0x00000261150ec6e0
Event: 5.704 Thread 0x00000261150ebc40 Thread added: 0x00000261150ebc40


Dynamic libraries:
0x00007ff795e00000 - 0x00007ff795e0e000 	C:\Program Files\Java\jdk-19.0.1\bin\java.exe
0x00007ff9799f0000 - 0x00007ff979c04000 	C:\WINDOWS\SYSTEM32\ntdll.dll
0x00007ff978cd0000 - 0x00007ff978d92000 	C:\WINDOWS\System32\KERNEL32.DLL
0x00007ff976e20000 - 0x00007ff9771bd000 	C:\WINDOWS\System32\KERNELBASE.dll
0x00007ff977540000 - 0x00007ff977651000 	C:\WINDOWS\System32\ucrtbase.dll
0x00007ff964e10000 - 0x00007ff964e2b000 	C:\Program Files\Java\jdk-19.0.1\bin\VCRUNTIME140.dll
0x00007ff964df0000 - 0x00007ff964e07000 	C:\Program Files\Java\jdk-19.0.1\bin\jli.dll
0x00007ff977a30000 - 0x00007ff977bda000 	C:\WINDOWS\System32\USER32.dll
0x00007ff968f90000 - 0x00007ff96921e000 	C:\WINDOWS\WinSxS\amd64_microsoft.windows.common-controls_6595b64144ccf1df_6.0.22621.608_none_a9444ca7c10bb01d\COMCTL32.dll
0x00007ff977660000 - 0x00007ff977686000 	C:\WINDOWS\System32\win32u.dll
0x00007ff978da0000 - 0x00007ff978e47000 	C:\WINDOWS\System32\msvcrt.dll
0x00007ff9798d0000 - 0x00007ff9798f9000 	C:\WINDOWS\System32\GDI32.dll
0x00007ff9772b0000 - 0x00007ff9773c2000 	C:\WINDOWS\System32\gdi32full.dll
0x00007ff977750000 - 0x00007ff9777ea000 	C:\WINDOWS\System32\msvcp_win.dll
0x00007ff9790b0000 - 0x00007ff9790e2000 	C:\WINDOWS\System32\IMM32.DLL
0x00007ff965250000 - 0x00007ff96525c000 	C:\Program Files\Java\jdk-19.0.1\bin\vcruntime140_1.dll
0x00007ff930450000 - 0x00007ff9304de000 	C:\Program Files\Java\jdk-19.0.1\bin\msvcp140.dll
0x00007ff8dd5b0000 - 0x00007ff8de270000 	C:\Program Files\Java\jdk-19.0.1\bin\server\jvm.dll
0x00007ff979900000 - 0x00007ff9799ae000 	C:\WINDOWS\System32\ADVAPI32.dll
0x00007ff978690000 - 0x00007ff978734000 	C:\WINDOWS\System32\sechost.dll
0x00007ff9783f0000 - 0x00007ff978505000 	C:\WINDOWS\System32\RPCRT4.dll
0x00007ff95fe60000 - 0x00007ff95fe69000 	C:\WINDOWS\SYSTEM32\WSOCK32.dll
0x00007ff9785a0000 - 0x00007ff978611000 	C:\WINDOWS\System32\WS2_32.dll
0x00007ff96dee0000 - 0x00007ff96deea000 	C:\WINDOWS\SYSTEM32\VERSION.dll
0x00007ff969500000 - 0x00007ff969534000 	C:\WINDOWS\SYSTEM32\WINMM.dll
0x00007ff975f40000 - 0x00007ff975f58000 	C:\WINDOWS\SYSTEM32\kernel.appcore.dll
0x00007ff964ec0000 - 0x00007ff964eca000 	C:\Program Files\Java\jdk-19.0.1\bin\jimage.dll
0x00007ff968310000 - 0x00007ff96853e000 	C:\WINDOWS\SYSTEM32\DBGHELP.DLL
0x00007ff9788e0000 - 0x00007ff978c6a000 	C:\WINDOWS\System32\combase.dll
0x00007ff977dc0000 - 0x00007ff977e97000 	C:\WINDOWS\System32\OLEAUT32.dll
0x00007ff9682d0000 - 0x00007ff968302000 	C:\WINDOWS\SYSTEM32\dbgcore.DLL
0x00007ff9771c0000 - 0x00007ff97723b000 	C:\WINDOWS\System32\bcryptPrimitives.dll
0x00007ff964dc0000 - 0x00007ff964de6000 	C:\Program Files\Java\jdk-19.0.1\bin\java.dll
0x00007ff91bc40000 - 0x00007ff91bd17000 	C:\Program Files\Java\jdk-19.0.1\bin\jsvml.dll
0x00007ff9790f0000 - 0x00007ff9798d0000 	C:\WINDOWS\System32\SHELL32.dll
0x00007ff974e20000 - 0x00007ff9756e5000 	C:\WINDOWS\SYSTEM32\windows.storage.dll
0x00007ff974ce0000 - 0x00007ff974e1e000 	C:\WINDOWS\SYSTEM32\wintypes.dll
0x00007ff978e50000 - 0x00007ff978f41000 	C:\WINDOWS\System32\SHCORE.dll
0x00007ff978c70000 - 0x00007ff978cce000 	C:\WINDOWS\System32\shlwapi.dll
0x00007ff976d50000 - 0x00007ff976d71000 	C:\WINDOWS\SYSTEM32\profapi.dll
0x00007ff960f20000 - 0x00007ff960f33000 	C:\Program Files\Java\jdk-19.0.1\bin\net.dll
0x00007ff9709e0000 - 0x00007ff970b0f000 	C:\WINDOWS\SYSTEM32\WINHTTP.dll
0x00007ff976390000 - 0x00007ff9763f9000 	C:\WINDOWS\system32\mswsock.dll
0x00007ff960f00000 - 0x00007ff960f16000 	C:\Program Files\Java\jdk-19.0.1\bin\nio.dll
0x00007ff952890000 - 0x00007ff9528a8000 	C:\Program Files\Java\jdk-19.0.1\bin\zip.dll
0x00007ff964db0000 - 0x00007ff964dc0000 	C:\Program Files\Java\jdk-19.0.1\bin\verify.dll
0x00007ff9759b0000 - 0x00007ff9759dd000 	C:\WINDOWS\SYSTEM32\IPHLPAPI.DLL
0x00007ff978320000 - 0x00007ff978329000 	C:\WINDOWS\System32\NSI.dll
0x00007ff970c60000 - 0x00007ff970c79000 	C:\WINDOWS\SYSTEM32\dhcpcsvc6.DLL
0x00007ff970970000 - 0x00007ff97098f000 	C:\WINDOWS\SYSTEM32\dhcpcsvc.DLL
0x00007ff975a20000 - 0x00007ff975b12000 	C:\WINDOWS\SYSTEM32\DNSAPI.dll
0x00007ff961bd0000 - 0x00007ff961bd8000 	C:\Program Files\Java\jdk-19.0.1\bin\extnet.dll
0x00007ff91bab0000 - 0x00007ff91bc40000 	C:\Program Files\Java\jdk-19.0.1\bin\awt.dll
0x00007ff973b90000 - 0x00007ff973c27000 	C:\WINDOWS\SYSTEM32\apphelp.dll
0x00007ff9745d0000 - 0x00007ff9745fb000 	C:\WINDOWS\system32\DWMAPI.DLL
0x00007ff974350000 - 0x00007ff9743fb000 	C:\WINDOWS\system32\uxtheme.dll
0x00007ff920540000 - 0x00007ff920640000 	C:\WINDOWS\system32\opengl32.dll
0x00007ff954220000 - 0x00007ff95424d000 	C:\WINDOWS\SYSTEM32\GLU32.dll
0x00007ff974640000 - 0x00007ff974676000 	C:\WINDOWS\SYSTEM32\dxcore.dll
0x00007ff977910000 - 0x00007ff977a2e000 	C:\WINDOWS\System32\MSCTF.dll
0x00007ff978740000 - 0x00007ff9788dc000 	C:\WINDOWS\System32\ole32.dll
0x00007ff9563c0000 - 0x00007ff956569000 	C:\WINDOWS\system32\d3d9.dll
0x00007ff926890000 - 0x00007ff9269a7000 	C:\WINDOWS\System32\DriverStore\FileRepository\nv_dispui.inf_amd64_f2b06cc19dadc00f\nvldumdx.dll
0x00007ff976ab0000 - 0x00007ff976ac2000 	C:\WINDOWS\SYSTEM32\msasn1.dll
0x00007ff96d7d0000 - 0x00007ff96d802000 	C:\WINDOWS\SYSTEM32\cryptnet.dll
0x00007ff9773d0000 - 0x00007ff977536000 	C:\WINDOWS\System32\CRYPT32.dll
0x00007ff96d670000 - 0x00007ff96d7c8000 	C:\WINDOWS\SYSTEM32\drvstore.dll
0x00007ff976b20000 - 0x00007ff976b53000 	C:\WINDOWS\SYSTEM32\devobj.dll
0x00007ff976ad0000 - 0x00007ff976b1e000 	C:\WINDOWS\SYSTEM32\CFGMGR32.dll
0x00007ff976600000 - 0x00007ff976648000 	C:\WINDOWS\SYSTEM32\wldp.dll
0x00007ff976680000 - 0x00007ff97668c000 	C:\WINDOWS\SYSTEM32\cryptbase.dll
0x00007ff977240000 - 0x00007ff9772a9000 	C:\WINDOWS\System32\WINTRUST.DLL
0x00007ff977da0000 - 0x00007ff977dbf000 	C:\WINDOWS\System32\imagehlp.dll
0x00007ff9766a0000 - 0x00007ff9766bb000 	C:\WINDOWS\SYSTEM32\CRYPTSP.dll
0x00007ff975eb0000 - 0x00007ff975ee5000 	C:\WINDOWS\system32\rsaenh.dll
0x00007ff9767c0000 - 0x00007ff9767e8000 	C:\WINDOWS\SYSTEM32\bcrypt.dll
0x00007ff8d7810000 - 0x00007ff8d9d40000 	C:\WINDOWS\System32\DriverStore\FileRepository\nv_dispui.inf_amd64_f2b06cc19dadc00f\nvd3dumx.dll
0x00007ff970990000 - 0x00007ff9709d9000 	C:\WINDOWS\SYSTEM32\directxdatabasehelper.dll
0x00007ff92b730000 - 0x00007ff92b9fe000 	C:\WINDOWS\system32\nvspcap64.dll
0x00007ff975f60000 - 0x00007ff975f94000 	C:\WINDOWS\SYSTEM32\ntmarta.dll
0x00007ff976400000 - 0x00007ff976426000 	C:\WINDOWS\SYSTEM32\gpapi.dll
0x00007ff9599d0000 - 0x00007ff9599e7000 	C:\WINDOWS\system32\napinsp.dll
0x00007ff957970000 - 0x00007ff95798b000 	C:\WINDOWS\system32\pnrpnsp.dll
0x00007ff9563a0000 - 0x00007ff9563b1000 	C:\WINDOWS\System32\winrnr.dll
0x00007ff970930000 - 0x00007ff970945000 	C:\WINDOWS\system32\wshbth.dll
0x00007ff956370000 - 0x00007ff956391000 	C:\WINDOWS\system32\nlansp_c.dll
0x00007ff96e4c0000 - 0x00007ff96e4ca000 	C:\Windows\System32\rasadhlp.dll
0x00007ff96fea0000 - 0x00007ff96ff23000 	C:\WINDOWS\System32\fwpuclnt.dll
0x00007ff91a270000 - 0x00007ff91a3c6000 	F:\Documents\Java\knowledge-based-systems\lib\CLIPSJNI.dll

dbghelp: loaded successfully - version: 4.0.5 - missing functions: none
symbol engine: initialized successfully - sym options: 0x614 - pdb path: .;C:\Program Files\Java\jdk-19.0.1\bin;C:\WINDOWS\SYSTEM32;C:\WINDOWS\WinSxS\amd64_microsoft.windows.common-controls_6595b64144ccf1df_6.0.22621.608_none_a9444ca7c10bb01d;C:\Program Files\Java\jdk-19.0.1\bin\server;C:\WINDOWS\System32\DriverStore\FileRepository\nv_dispui.inf_amd64_f2b06cc19dadc00f;F:\Documents\Java\knowledge-based-systems\lib

VM Arguments:
jvm_args: -Djava.library.path=../lib/ 
java_command: jade.Boot -agents Neumologo:Neumologo;Gastrointerologo:Gastrointerologo;Dermatologo:Dermatologo;Paciente:Paciente
java_class_path (initial): ../lib/jade.jar;../lib/CLIPSJNI.jar;classes/
Launcher Type: SUN_STANDARD

[Global flags]
     intx CICompilerCount                          = 4                                         {product} {ergonomic}
     uint ConcGCThreads                            = 3                                         {product} {ergonomic}
     uint G1ConcRefinementThreads                  = 10                                        {product} {ergonomic}
   size_t G1HeapRegionSize                         = 4194304                                   {product} {ergonomic}
    uintx GCDrainStackTargetSize                   = 64                                        {product} {ergonomic}
   size_t InitialHeapSize                          = 536870912                                 {product} {ergonomic}
   size_t MarkStackSize                            = 4194304                                   {product} {ergonomic}
   size_t MaxHeapSize                              = 8573157376                                {product} {ergonomic}
   size_t MaxNewSize                               = 5142216704                                {product} {ergonomic}
   size_t MinHeapDeltaBytes                        = 4194304                                   {product} {ergonomic}
   size_t MinHeapSize                              = 8388608                                   {product} {ergonomic}
    uintx NonNMethodCodeHeapSize                   = 5839372                                {pd product} {ergonomic}
    uintx NonProfiledCodeHeapSize                  = 122909434                              {pd product} {ergonomic}
    uintx ProfiledCodeHeapSize                     = 122909434                              {pd product} {ergonomic}
    uintx ReservedCodeCacheSize                    = 251658240                              {pd product} {ergonomic}
     bool SegmentedCodeCache                       = true                                      {product} {ergonomic}
   size_t SoftMaxHeapSize                          = 8573157376                             {manageable} {ergonomic}
     bool UseCompressedClassPointers               = true                           {product lp64_product} {ergonomic}
     bool UseCompressedOops                        = true                           {product lp64_product} {ergonomic}
     bool UseG1GC                                  = true                                      {product} {ergonomic}
     bool UseLargePagesIndividualAllocation        = false                                  {pd product} {ergonomic}

Logging:
Log output configuration:
 #0: stdout all=warning uptime,level,tags foldmultilines=false
 #1: stderr all=off uptime,level,tags foldmultilines=false

Environment Variables:
PATH=C:\Program Files\WindowsApps\Microsoft.WindowsTerminal_1.15.2875.0_x64__8wekyb3d8bbwe;C:\Program Files\NVIDIA GPU Computing Toolkit\CUDA\v11.8\bin;C:\Program Files\NVIDIA GPU Computing Toolkit\CUDA\v11.8\libnvvp;C:\WINDOWS\system32;C:\WINDOWS;C:\WINDOWS\System32\Wbem;C:\WINDOWS\System32\WindowsPowerShell\v1.0\;C:\WINDOWS\System32\OpenSSH\;C:\Program Files (x86)\NVIDIA Corporation\PhysX\Common;C:\Program Files\NVIDIA Corporation\NVIDIA NvDLISR;C:\Program Files\Git\cmd;C:\Program Files\Microsoft VS Code\bin;C:\WINDOWS\system32;C:\WINDOWS;C:\WINDOWS\System32\Wbem;C:\WINDOWS\System32\WindowsPowerShell\v1.0\;C:\WINDOWS\System32\OpenSSH\;C:\Program Files\Java\jdk-19.0.1\bin;F:\Documents\Java\knowledge-based-systems\lib;C:\Strawberry\c\bin;C:\Strawberry\perl\site\bin;C:\Strawberry\perl\bin;C:\Program Files\NVIDIA Corporation\Nsight Compute 2022.3.0\;C:\Users\YoomarXD\AppData\Local\Programs\Python\Python311\Scripts\;C:\Users\YoomarXD\AppData\Local\Programs\Python\Python311\;C:\Users\YoomarXD\AppData\Local\Programs\Python\Python310\Scripts\;C:\Users\YoomarXD\AppData\Local\Programs\Python\Python310\;C:\Users\YoomarXD\AppData\Local\Microsoft\WindowsApps;C:\Users\YoomarXD\AppData\Local\GitHubDesktop\bin;C:\Users\YoomarXD\AppData\Local\Programs\MiKTeX\miktex\bin\x64\
USERNAME=YoomarXD
OS=Windows_NT
PROCESSOR_IDENTIFIER=AMD64 Family 23 Model 113 Stepping 0, AuthenticAMD
TMP=C:\Users\YoomarXD\AppData\Local\Temp
TEMP=C:\Users\YoomarXD\AppData\Local\Temp



---------------  S Y S T E M  ---------------

OS:
 Windows 11 , 64 bit Build 22621 (10.0.22621.755)
OS uptime: 12 days 13:04 hours
Hyper-V role detected

CPU: total 12 (initial active 12) (12 cores per cpu, 2 threads per core) family 23 model 113 stepping 0 microcode 0x0, cx8, cmov, fxsr, ht, mmx, 3dnowpref, sse, sse2, sse3, ssse3, sse4a, sse4.1, sse4.2, popcnt, lzcnt, tsc, tscinvbit, avx, avx2, aes, clmul, bmi1, bmi2, adx, sha, fma, vzeroupper, clflush, clflushopt, hv, rdtscp, rdpid

Memory: 4k page, system-wide physical 32691M (17456M free)
TotalPageFile size 35284M (AvailPageFile size 7004M)
current process WorkingSet (physical memory assigned to process): 93M, peak: 93M
current process commit charge ("private bytes"): 661M, peak: 661M

vm_info: OpenJDK 64-Bit Server VM (19.0.1+10-21) for windows-amd64 JRE (19.0.1+10-21), built on 2022-09-14T12:45:06Z by "mach5one" with MS VC++ 17.1 (VS2022)

END.
