#
# A fatal error has been detected by the Java Runtime Environment:
#
#  EXCEPTION_ACCESS_VIOLATION (0xc0000005) at pc=0x00007ff91a27ad18, pid=43060, tid=47828
#
# JRE version: OpenJDK Runtime Environment (19.0.1+10) (build 19.0.1+10-21)
# Java VM: OpenJDK 64-Bit Server VM (19.0.1+10-21, mixed mode, sharing, tiered, compressed oops, compressed class ptrs, g1 gc, windows-amd64)
# Problematic frame:
# C  [CLIPSJNI.dll+0xad18]
#
# No core dump will be written. Minidumps are not enabled by default on client versions of Windows
#
# If you would like to submit a bug report, please visit:
#   https://bugreport.java.com/bugreport/crash.jsp
# The crash happened outside the Java Virtual Machine in native code.
# See problematic frame for where to report the bug.
#

---------------  S U M M A R Y ------------

Command Line: -Djava.library.path=../lib/ jade.Boot -agents Neumologo:Neumologo;Gastrointerologo:Gastrointerologo;Dermatologo:Dermatologo;Paciente:Paciente

Host: AMD Ryzen 5 3600 6-Core Processor              , 12 cores, 31G,  Windows 11 , 64 bit Build 22621 (10.0.22621.755)
Time: Tue Nov 29 01:27:49 2022 Central Standard Time (Mexico) elapsed time: 5.635848 seconds (0d 0h 0m 5s)

---------------  T H R E A D  ---------------

Current thread (0x0000024a3710b4e0):  JavaThread "Dermatologo" [_thread_in_native, id=47828, stack(0x0000007d9b600000,0x0000007d9b700000)]

Stack: [0x0000007d9b600000,0x0000007d9b700000],  sp=0x0000007d9b6fec20,  free space=1019k
Native frames: (J=compiled Java code, j=interpreted, Vv=VM code, C=native code)
C  [CLIPSJNI.dll+0xad18]

Java frames: (J=compiled Java code, j=interpreted, Vv=VM code)
j  net.sf.clipsrules.jni.Environment.clear(J)V+0
j  net.sf.clipsrules.jni.Environment.access$100(Lnet/sf/clipsrules/jni/Environment;J)V+2
j  net.sf.clipsrules.jni.Environment$1.call()Ljava/lang/Void;+11
j  net.sf.clipsrules.jni.Environment$1.call()Ljava/lang/Object;+1
j  net.sf.clipsrules.jni.Environment.voidCommandWrapper(Ljava/util/concurrent/Callable;)V+6
j  net.sf.clipsrules.jni.Environment.clear()V+9
j  Doctor$Diagnosticar.action()V+3
j  jade.core.behaviours.Behaviour.actionWrapper()V+36
j  jade.core.Agent$ActiveLifeCycle.execute()V+17
j  jade.core.Agent.run()V+21
j  java.lang.Thread.run()V+13 java.base@19.0.1
v  ~StubRoutines::call_stub 0x0000024a0f3c100e

siginfo: EXCEPTION_ACCESS_VIOLATION (0xc0000005), writing address 0x0000024a00000008


Registers:
RAX=0x0000024a00000008, RBX=0x0000000000000001, RCX=0x0000000000000000, RDX=0x0000000000000000
RSP=0x0000007d9b6fec20, RBP=0x0000024a3761e1f0, RSI=0x0000024a00000008, RDI=0x0000024a3761e240
R8 =0x0000000000000000, R9 =0x00007ff91a34d24e, R10=0x00007ff91a270000, R11=0x0000024a3761e2d0
R12=0x0000024a3761e300, R13=0x0000024a37021000, R14=0x0000024a3761fa60, R15=0x0000024a37021000
RIP=0x00007ff91a27ad18, EFLAGS=0x0000000000010206


Register to memory mapping:

RIP=0x00007ff91a27ad18 CLIPSJNI.dll
RAX=0x0000024a00000008 points into unknown readable memory: 0x0000733b00000000 | 00 00 00 00 3b 73 00 00
RBX=0x0000000000000001 is an unknown value
RCX=0x0 is NULL
RDX=0x0 is NULL
RSP=0x0000007d9b6fec20 is pointing into the stack for thread: 0x0000024a3710b4e0
RBP=0x0000024a3761e1f0 points into unknown readable memory: 0x0000024a00000008 | 08 00 00 00 4a 02 00 00
RSI=0x0000024a00000008 points into unknown readable memory: 0x0000733b00000000 | 00 00 00 00 3b 73 00 00
RDI=0x0000024a3761e240 points into unknown readable memory: 0x0000000000000000 | 00 00 00 00 00 00 00 00
R8 =0x0 is NULL
R9 =0x00007ff91a34d24e CLIPSJNI.dll
R10=0x00007ff91a270000 CLIPSJNI.dll
R11=0x0000024a3761e2d0 points into unknown readable memory: 0x0000000000000000 | 00 00 00 00 00 00 00 00
R12=0x0000024a3761e300 points into unknown readable memory: 0x0000024a00000008 | 08 00 00 00 4a 02 00 00
R13=0x0000024a37021000 points into unknown readable memory: 0x00007ff8de189071 | 71 90 18 de f8 7f 00 00
R14=0x0000024a3761fa60 points into unknown readable memory: 0x0000024a00000008 | 08 00 00 00 4a 02 00 00
R15=0x0000024a37021000 points into unknown readable memory: 0x00007ff8de189071 | 71 90 18 de f8 7f 00 00


Top of Stack: (sp=0x0000007d9b6fec20)
0x0000007d9b6fec20:   0000024a3761e1f0 0000024a376198e0
0x0000007d9b6fec30:   0000000000000000 0000024a3761e300
0x0000007d9b6fec40:   0000000000000000 0000024a3761fa60
0x0000007d9b6fec50:   0000024a37021000 00007ff91a27ff0e
0x0000007d9b6fec60:   0000024a3761fa60 0000024a3761f1e0
0x0000007d9b6fec70:   0000024a3761fa60 00007ff91a29da23
0x0000007d9b6fec80:   0000024a00000000 0000007d9b6fee80
0x0000007d9b6fec90:   0000024a3761e520 0000024a3761f1e0
0x0000007d9b6feca0:   0000024a3761efc0 00007ff91a27eee6
0x0000007d9b6fecb0:   0000024a2b818801 0000024a3761fa60
0x0000007d9b6fecc0:   0000024a3761dfd0 0000024a3761ea70
0x0000007d9b6fecd0:   0000024a37021000 00007ff91a2f37d6
0x0000007d9b6fece0:   0000024a3710b4e0 0000007d9b6fee80
0x0000007d9b6fecf0:   0000024a2bf381d8 0000000000000000
0x0000007d9b6fed00:   0000024a37103f20 00007ff91a28e94a
0x0000007d9b6fed10:   0000024a37021000 0000007d9b6fee50 

Instructions: (pc=0x00007ff91a27ad18)
0x00007ff91a27ac18:   44 2b c8 41 8b c1 89 47 4c 48 8b 43 28 4a 8d 14
0x00007ff91a27ac28:   cd 00 00 00 00 48 8b 88 a8 00 00 00 48 8b 81 d0
0x00007ff91a27ac38:   00 00 00 48 8b 0c 02 48 89 8f c8 00 00 00 48 8b
0x00007ff91a27ac48:   43 28 48 8b 5c 24 30 48 8b 88 a8 00 00 00 48 8b
0x00007ff91a27ac58:   81 d0 00 00 00 48 89 3c 02 48 83 c4 20 5f c3 cc
0x00007ff91a27ac68:   cc cc cc cc cc cc cc cc 48 8b 41 28 45 33 c0 8b
0x00007ff91a27ac78:   4a 4c 48 8b 80 a8 00 00 00 48 8b 80 d0 00 00 00
0x00007ff91a27ac88:   4c 8d 0c c8 48 8b 04 c8 48 3b c2 74 1a 66 66 66
0x00007ff91a27ac98:   0f 1f 84 00 00 00 00 00 4c 8b c0 48 8b 80 c8 00
0x00007ff91a27aca8:   00 00 48 3b c2 75 f1 48 8b 82 c8 00 00 00 4d 85
0x00007ff91a27acb8:   c0 75 04 49 89 01 c3 49 89 80 c8 00 00 00 c3 cc
0x00007ff91a27acc8:   cc cc cc cc cc cc cc cc 48 89 5c 24 18 56 57 41
0x00007ff91a27acd8:   57 48 83 ec 20 48 8b fa 4c 89 74 24 48 8b 12 41
0x00007ff91a27ace8:   0f b6 d9 ff c2 4d 8b f0 48 c1 e2 03 4c 8b f9 e8
0x00007ff91a27acf8:   44 4b 07 00 48 8b f0 84 db 74 1b 44 8b 07 48 8b
0x00007ff91a27ad08:   c8 48 8b 57 08 49 c1 e0 03 e8 0a 25 0d 00 8b 0f
0x00007ff91a27ad18:   4c 89 34 ce eb 4e 48 89 6c 24 40 8b 6c 24 60 85
0x00007ff91a27ad28:   ed 74 13 48 8b 57 08 44 8b c5 49 c1 e0 03 48 8b
0x00007ff91a27ad38:   ce e8 e2 24 0d 00 44 8b 07 48 8d 0c ed 00 00 00
0x00007ff91a27ad48:   00 48 8b 57 08 48 8d 1c 31 44 2b c5 48 03 d1 49
0x00007ff91a27ad58:   c1 e0 03 48 8d 4b 08 e8 bc 24 0d 00 48 8b 6c 24
0x00007ff91a27ad68:   40 4c 89 33 8b 07 4c 8b 74 24 48 8d 58 01 85 c0
0x00007ff91a27ad78:   74 1b 48 8b 57 08 44 8b c0 49 c1 e0 03 49 8b cf
0x00007ff91a27ad88:   e8 03 4b 07 00 48 c7 47 08 00 00 00 00 89 1f 48
0x00007ff91a27ad98:   8b 5c 24 50 48 89 77 08 48 83 c4 20 41 5f 5f 5e
0x00007ff91a27ada8:   c3 cc cc cc cc cc cc cc 48 89 5c 24 08 48 89 6c
0x00007ff91a27adb8:   24 10 48 89 74 24 18 57 48 83 ec 20 44 8b 4a 60
0x00007ff91a27adc8:   33 f6 48 8b fa 48 8b e9 8b de 45 85 c9 74 18 48
0x00007ff91a27add8:   8b 52 68 0f 1f 44 00 00 8b c3 4c 39 04 c2 74 10
0x00007ff91a27ade8:   ff c3 41 3b d9 72 f1 41 3b d9 0f 84 80 00 00 00
0x00007ff91a27adf8:   41 83 f9 01 76 57 41 8d 51 ff 48 c1 e2 03 e8 35
0x00007ff91a27ae08:   4a 07 00 48 8b f0 85 db 74 13 48 8b 57 68 48 8b 


Stack slot to memory mapping:
stack at sp + 0 slots: 0x0000024a3761e1f0 points into unknown readable memory: 0x0000024a00000008 | 08 00 00 00 4a 02 00 00
stack at sp + 1 slots: 0x0000024a376198e0 points into unknown readable memory: 0x0000000000000002 | 02 00 00 00 00 00 00 00
stack at sp + 2 slots: 0x0 is NULL
stack at sp + 3 slots: 0x0000024a3761e300 points into unknown readable memory: 0x0000024a00000008 | 08 00 00 00 4a 02 00 00
stack at sp + 4 slots: 0x0 is NULL
stack at sp + 5 slots: 0x0000024a3761fa60 points into unknown readable memory: 0x0000024a00000008 | 08 00 00 00 4a 02 00 00
stack at sp + 6 slots: 0x0000024a37021000 points into unknown readable memory: 0x00007ff8de189071 | 71 90 18 de f8 7f 00 00
stack at sp + 7 slots: 0x00007ff91a27ff0e CLIPSJNI.dll


---------------  P R O C E S S  ---------------

Threads class SMR info:
_java_thread_list=0x0000024a2f89dc20, length=30, elements={
0x0000024a2f816aa0, 0x0000024a2f819c90, 0x0000024a2f81eda0, 0x0000024a2f822a50,
0x0000024a2f823730, 0x0000024a2f8247b0, 0x0000024a2f8262f0, 0x0000024a2f837150,
0x0000024a2f83a2b0, 0x0000024a2f96cac0, 0x0000024a2f96e000, 0x0000024a2f96dab0,
0x0000024a2f96e550, 0x0000024a2f96d010, 0x0000024a2f96ffe0, 0x0000024a2f96d560,
0x0000024a2f96eff0, 0x0000024a3710c4d0, 0x0000024a3710ca20, 0x0000024a37108fb0,
0x0000024a3710af90, 0x0000024a37106a80, 0x0000024a37107520, 0x0000024a3710a4f0,
0x0000024a3710aa40, 0x0000024a3710cf70, 0x0000024a3710b4e0, 0x0000024a3710ba30,
0x0000024a37105fe0, 0x0000024a37106fd0
}

Java Threads: ( => current thread )
  0x0000024a2f816aa0 JavaThread "Reference Handler" daemon [_thread_blocked, id=38920, stack(0x0000007d99800000,0x0000007d99900000)]
  0x0000024a2f819c90 JavaThread "Finalizer" daemon [_thread_blocked, id=43772, stack(0x0000007d99900000,0x0000007d99a00000)]
  0x0000024a2f81eda0 JavaThread "Signal Dispatcher" daemon [_thread_blocked, id=15544, stack(0x0000007d99a00000,0x0000007d99b00000)]
  0x0000024a2f822a50 JavaThread "Attach Listener" daemon [_thread_blocked, id=46568, stack(0x0000007d99b00000,0x0000007d99c00000)]
  0x0000024a2f823730 JavaThread "Service Thread" daemon [_thread_blocked, id=44168, stack(0x0000007d99c00000,0x0000007d99d00000)]
  0x0000024a2f8247b0 JavaThread "Monitor Deflation Thread" daemon [_thread_blocked, id=43484, stack(0x0000007d99d00000,0x0000007d99e00000)]
  0x0000024a2f8262f0 JavaThread "C2 CompilerThread0" daemon [_thread_blocked, id=46532, stack(0x0000007d99e00000,0x0000007d99f00000)]
  0x0000024a2f837150 JavaThread "C1 CompilerThread0" daemon [_thread_blocked, id=42100, stack(0x0000007d99f00000,0x0000007d9a000000)]
  0x0000024a2f83a2b0 JavaThread "Sweeper thread" daemon [_thread_blocked, id=11568, stack(0x0000007d9a000000,0x0000007d9a100000)]
  0x0000024a2f96cac0 JavaThread "Notification Thread" daemon [_thread_blocked, id=47496, stack(0x0000007d9a100000,0x0000007d9a200000)]
  0x0000024a2f96e000 JavaThread "Common-Cleaner" daemon [_thread_blocked, id=30688, stack(0x0000007d9a300000,0x0000007d9a400000)]
  0x0000024a2f96dab0 JavaThread "JADE Timer dispatcher" [_thread_blocked, id=32436, stack(0x0000007d9a600000,0x0000007d9a700000)]
  0x0000024a2f96e550 JavaThread "JICPServer-1099" daemon [_thread_in_native, id=43036, stack(0x0000007d9a700000,0x0000007d9a800000)]
  0x0000024a2f96d010 JavaThread "Thread-2" [_thread_blocked, id=46632, stack(0x0000007d9a800000,0x0000007d9a900000)]
  0x0000024a2f96ffe0 JavaThread "Thread-3" [_thread_in_native, id=13152, stack(0x0000007d9a900000,0x0000007d9aa00000)]
  0x0000024a2f96d560 JavaThread "Java2D Disposer" daemon [_thread_blocked, id=46744, stack(0x0000007d9aa00000,0x0000007d9ab00000)]
  0x0000024a2f96eff0 JavaThread "AWT-Windows" daemon [_thread_in_native, id=47056, stack(0x0000007d9ac00000,0x0000007d9ad00000)]
  0x0000024a3710c4d0 JavaThread "Deliverer-00" [_thread_blocked, id=17596, stack(0x0000007d9af00000,0x0000007d9b000000)]
  0x0000024a3710ca20 JavaThread "Deliverer-01" [_thread_blocked, id=47380, stack(0x0000007d9b000000,0x0000007d9b100000)]
  0x0000024a37108fb0 JavaThread "Deliverer-02" [_thread_blocked, id=42444, stack(0x0000007d9b100000,0x0000007d9b200000)]
  0x0000024a3710af90 JavaThread "Deliverer-03" [_thread_blocked, id=47580, stack(0x0000007d9b200000,0x0000007d9b300000)]
  0x0000024a37106a80 JavaThread "Deliverer-04" [_thread_blocked, id=39312, stack(0x0000007d9b300000,0x0000007d9b400000)]
  0x0000024a37107520 JavaThread "Thread-9" [_thread_in_native, id=34740, stack(0x0000007d9a470000,0x0000007d9a570000)]
  0x0000024a3710a4f0 JavaThread "ams" [_thread_blocked, id=44692, stack(0x0000007d9ab00000,0x0000007d9ac00000)]
  0x0000024a3710aa40 JavaThread "df" [_thread_blocked, id=43440, stack(0x0000007d9b400000,0x0000007d9b500000)]
  0x0000024a3710cf70 JavaThread "Neumologo" [_thread_in_native, id=40368, stack(0x0000007d9b500000,0x0000007d9b600000)]
=>0x0000024a3710b4e0 JavaThread "Dermatologo" [_thread_in_native, id=47828, stack(0x0000007d9b600000,0x0000007d9b700000)]
  0x0000024a3710ba30 JavaThread "Gastrointerologo" [_thread_in_native, id=31412, stack(0x0000007d9b700000,0x0000007d9b800000)]
  0x0000024a37105fe0 JavaThread "Paciente" [_thread_blocked, id=43784, stack(0x0000007d9b800000,0x0000007d9b900000)]
  0x0000024a37106fd0 JavaThread "DestroyJavaVM" [_thread_blocked, id=44460, stack(0x0000007d99100000,0x0000007d99200000)]

Other Threads:
  0x0000024a7fd2ecb0 VMThread "VM Thread" [stack: 0x0000007d99700000,0x0000007d99800000] [id=43984]
  0x0000024a2f970e90 WatcherThread "VM Periodic Task Thread" [stack: 0x0000007d9a200000,0x0000007d9a300000] [id=44012]
  0x0000024a7e5ce5b0 WorkerThread "GC Thread#0" [stack: 0x0000007d99200000,0x0000007d99300000] [id=9088]
  0x0000024a7fb34070 ConcurrentGCThread "G1 Main Marker" [stack: 0x0000007d99300000,0x0000007d99400000] [id=45268]
  0x0000024a7fb349b0 WorkerThread "G1 Conc#0" [stack: 0x0000007d99400000,0x0000007d99500000] [id=37588]
  0x0000024a7fbd34a0 ConcurrentGCThread "G1 Refine#0" [stack: 0x0000007d99500000,0x0000007d99600000] [id=46276]
  0x0000024a7fbd4da0 ConcurrentGCThread "G1 Service" [stack: 0x0000007d99600000,0x0000007d99700000] [id=35100]

Threads with active compile tasks:

VM state: not at safepoint (normal execution)

VM Mutex/Monitor currently owned by a thread: None

Heap address: 0x0000000601000000, size: 8176 MB, Compressed Oops mode: Zero based, Oop shift amount: 3

CDS archive(s) mapped at: [0x0000000800000000-0x0000000800c30000-0x0000000800c30000), size 12779520, SharedBaseAddress: 0x0000000800000000, ArchiveRelocationMode: 0.
Compressed class space mapped at: 0x0000000801000000-0x0000000841000000, reserved size: 1073741824
Narrow klass base: 0x0000000800000000, Narrow klass shift: 0, Narrow klass range: 0x100000000

GC Precious Log:
 CardTable entry size: 512
 Card Set container configuration: InlinePtr #cards 4 size 8 Array Of Cards #cards 32 size 80 Howl #buckets 8 coarsen threshold 7372 Howl Bitmap #cards 1024 size 144 coarsen threshold 921 Card regions per heap region 1 cards per card region 8192
 CPUs: 12 total, 12 available
 Memory: 32691M
 Large Page Support: Disabled
 NUMA Support: Disabled
 Compressed Oops: Enabled (Zero based)
 Heap Region Size: 4M
 Heap Min Capacity: 8M
 Heap Initial Capacity: 512M
 Heap Max Capacity: 8176M
 Pre-touch: Disabled
 Parallel Workers: 10
 Concurrent Workers: 3
 Concurrent Refinement Workers: 10
 Periodic GC: Disabled

Heap:
 garbage-first heap   total 524288K, used 20480K [0x0000000601000000, 0x0000000800000000)
  region size 4096K, 6 young (24576K), 0 survivors (0K)
 Metaspace       used 8076K, committed 8256K, reserved 1114112K
  class space    used 858K, committed 960K, reserved 1048576K

Heap Regions: E=young(eden), S=young(survivor), O=old, HS=humongous(starts), HC=humongous(continues), CS=collection set, F=free, OA=open archive, CA=closed archive, TAMS=top-at-mark-start (previous, next)
|   0|0x0000000601000000, 0x0000000601000000, 0x0000000601400000|  0%| F|  |TAMS 0x0000000601000000, 0x0000000601000000| Untracked 
|   1|0x0000000601400000, 0x0000000601400000, 0x0000000601800000|  0%| F|  |TAMS 0x0000000601400000, 0x0000000601400000| Untracked 
|   2|0x0000000601800000, 0x0000000601800000, 0x0000000601c00000|  0%| F|  |TAMS 0x0000000601800000, 0x0000000601800000| Untracked 
|   3|0x0000000601c00000, 0x0000000601c00000, 0x0000000602000000|  0%| F|  |TAMS 0x0000000601c00000, 0x0000000601c00000| Untracked 
|   4|0x0000000602000000, 0x0000000602000000, 0x0000000602400000|  0%| F|  |TAMS 0x0000000602000000, 0x0000000602000000| Untracked 
|   5|0x0000000602400000, 0x0000000602400000, 0x0000000602800000|  0%| F|  |TAMS 0x0000000602400000, 0x0000000602400000| Untracked 
|   6|0x0000000602800000, 0x0000000602800000, 0x0000000602c00000|  0%| F|  |TAMS 0x0000000602800000, 0x0000000602800000| Untracked 
|   7|0x0000000602c00000, 0x0000000602c00000, 0x0000000603000000|  0%| F|  |TAMS 0x0000000602c00000, 0x0000000602c00000| Untracked 
|   8|0x0000000603000000, 0x0000000603000000, 0x0000000603400000|  0%| F|  |TAMS 0x0000000603000000, 0x0000000603000000| Untracked 
|   9|0x0000000603400000, 0x0000000603400000, 0x0000000603800000|  0%| F|  |TAMS 0x0000000603400000, 0x0000000603400000| Untracked 
|  10|0x0000000603800000, 0x0000000603800000, 0x0000000603c00000|  0%| F|  |TAMS 0x0000000603800000, 0x0000000603800000| Untracked 
|  11|0x0000000603c00000, 0x0000000603c00000, 0x0000000604000000|  0%| F|  |TAMS 0x0000000603c00000, 0x0000000603c00000| Untracked 
|  12|0x0000000604000000, 0x0000000604000000, 0x0000000604400000|  0%| F|  |TAMS 0x0000000604000000, 0x0000000604000000| Untracked 
|  13|0x0000000604400000, 0x0000000604400000, 0x0000000604800000|  0%| F|  |TAMS 0x0000000604400000, 0x0000000604400000| Untracked 
|  14|0x0000000604800000, 0x0000000604800000, 0x0000000604c00000|  0%| F|  |TAMS 0x0000000604800000, 0x0000000604800000| Untracked 
|  15|0x0000000604c00000, 0x0000000604c00000, 0x0000000605000000|  0%| F|  |TAMS 0x0000000604c00000, 0x0000000604c00000| Untracked 
|  16|0x0000000605000000, 0x0000000605000000, 0x0000000605400000|  0%| F|  |TAMS 0x0000000605000000, 0x0000000605000000| Untracked 
|  17|0x0000000605400000, 0x0000000605400000, 0x0000000605800000|  0%| F|  |TAMS 0x0000000605400000, 0x0000000605400000| Untracked 
|  18|0x0000000605800000, 0x0000000605800000, 0x0000000605c00000|  0%| F|  |TAMS 0x0000000605800000, 0x0000000605800000| Untracked 
|  19|0x0000000605c00000, 0x0000000605c00000, 0x0000000606000000|  0%| F|  |TAMS 0x0000000605c00000, 0x0000000605c00000| Untracked 
|  20|0x0000000606000000, 0x0000000606000000, 0x0000000606400000|  0%| F|  |TAMS 0x0000000606000000, 0x0000000606000000| Untracked 
|  21|0x0000000606400000, 0x0000000606400000, 0x0000000606800000|  0%| F|  |TAMS 0x0000000606400000, 0x0000000606400000| Untracked 
|  22|0x0000000606800000, 0x0000000606800000, 0x0000000606c00000|  0%| F|  |TAMS 0x0000000606800000, 0x0000000606800000| Untracked 
|  23|0x0000000606c00000, 0x0000000606c00000, 0x0000000607000000|  0%| F|  |TAMS 0x0000000606c00000, 0x0000000606c00000| Untracked 
|  24|0x0000000607000000, 0x0000000607000000, 0x0000000607400000|  0%| F|  |TAMS 0x0000000607000000, 0x0000000607000000| Untracked 
|  25|0x0000000607400000, 0x0000000607400000, 0x0000000607800000|  0%| F|  |TAMS 0x0000000607400000, 0x0000000607400000| Untracked 
|  26|0x0000000607800000, 0x0000000607800000, 0x0000000607c00000|  0%| F|  |TAMS 0x0000000607800000, 0x0000000607800000| Untracked 
|  27|0x0000000607c00000, 0x0000000607c00000, 0x0000000608000000|  0%| F|  |TAMS 0x0000000607c00000, 0x0000000607c00000| Untracked 
|  28|0x0000000608000000, 0x0000000608000000, 0x0000000608400000|  0%| F|  |TAMS 0x0000000608000000, 0x0000000608000000| Untracked 
|  29|0x0000000608400000, 0x0000000608400000, 0x0000000608800000|  0%| F|  |TAMS 0x0000000608400000, 0x0000000608400000| Untracked 
|  30|0x0000000608800000, 0x0000000608800000, 0x0000000608c00000|  0%| F|  |TAMS 0x0000000608800000, 0x0000000608800000| Untracked 
|  31|0x0000000608c00000, 0x0000000608c00000, 0x0000000609000000|  0%| F|  |TAMS 0x0000000608c00000, 0x0000000608c00000| Untracked 
|  32|0x0000000609000000, 0x0000000609000000, 0x0000000609400000|  0%| F|  |TAMS 0x0000000609000000, 0x0000000609000000| Untracked 
|  33|0x0000000609400000, 0x0000000609400000, 0x0000000609800000|  0%| F|  |TAMS 0x0000000609400000, 0x0000000609400000| Untracked 
|  34|0x0000000609800000, 0x0000000609800000, 0x0000000609c00000|  0%| F|  |TAMS 0x0000000609800000, 0x0000000609800000| Untracked 
|  35|0x0000000609c00000, 0x0000000609c00000, 0x000000060a000000|  0%| F|  |TAMS 0x0000000609c00000, 0x0000000609c00000| Untracked 
|  36|0x000000060a000000, 0x000000060a000000, 0x000000060a400000|  0%| F|  |TAMS 0x000000060a000000, 0x000000060a000000| Untracked 
|  37|0x000000060a400000, 0x000000060a400000, 0x000000060a800000|  0%| F|  |TAMS 0x000000060a400000, 0x000000060a400000| Untracked 
|  38|0x000000060a800000, 0x000000060a800000, 0x000000060ac00000|  0%| F|  |TAMS 0x000000060a800000, 0x000000060a800000| Untracked 
|  39|0x000000060ac00000, 0x000000060ac00000, 0x000000060b000000|  0%| F|  |TAMS 0x000000060ac00000, 0x000000060ac00000| Untracked 
|  40|0x000000060b000000, 0x000000060b000000, 0x000000060b400000|  0%| F|  |TAMS 0x000000060b000000, 0x000000060b000000| Untracked 
|  41|0x000000060b400000, 0x000000060b400000, 0x000000060b800000|  0%| F|  |TAMS 0x000000060b400000, 0x000000060b400000| Untracked 
|  42|0x000000060b800000, 0x000000060b800000, 0x000000060bc00000|  0%| F|  |TAMS 0x000000060b800000, 0x000000060b800000| Untracked 
|  43|0x000000060bc00000, 0x000000060bc00000, 0x000000060c000000|  0%| F|  |TAMS 0x000000060bc00000, 0x000000060bc00000| Untracked 
|  44|0x000000060c000000, 0x000000060c000000, 0x000000060c400000|  0%| F|  |TAMS 0x000000060c000000, 0x000000060c000000| Untracked 
|  45|0x000000060c400000, 0x000000060c400000, 0x000000060c800000|  0%| F|  |TAMS 0x000000060c400000, 0x000000060c400000| Untracked 
|  46|0x000000060c800000, 0x000000060c800000, 0x000000060cc00000|  0%| F|  |TAMS 0x000000060c800000, 0x000000060c800000| Untracked 
|  47|0x000000060cc00000, 0x000000060cc00000, 0x000000060d000000|  0%| F|  |TAMS 0x000000060cc00000, 0x000000060cc00000| Untracked 
|  48|0x000000060d000000, 0x000000060d000000, 0x000000060d400000|  0%| F|  |TAMS 0x000000060d000000, 0x000000060d000000| Untracked 
|  49|0x000000060d400000, 0x000000060d400000, 0x000000060d800000|  0%| F|  |TAMS 0x000000060d400000, 0x000000060d400000| Untracked 
|  50|0x000000060d800000, 0x000000060d800000, 0x000000060dc00000|  0%| F|  |TAMS 0x000000060d800000, 0x000000060d800000| Untracked 
|  51|0x000000060dc00000, 0x000000060dc00000, 0x000000060e000000|  0%| F|  |TAMS 0x000000060dc00000, 0x000000060dc00000| Untracked 
|  52|0x000000060e000000, 0x000000060e000000, 0x000000060e400000|  0%| F|  |TAMS 0x000000060e000000, 0x000000060e000000| Untracked 
|  53|0x000000060e400000, 0x000000060e400000, 0x000000060e800000|  0%| F|  |TAMS 0x000000060e400000, 0x000000060e400000| Untracked 
|  54|0x000000060e800000, 0x000000060e800000, 0x000000060ec00000|  0%| F|  |TAMS 0x000000060e800000, 0x000000060e800000| Untracked 
|  55|0x000000060ec00000, 0x000000060ec00000, 0x000000060f000000|  0%| F|  |TAMS 0x000000060ec00000, 0x000000060ec00000| Untracked 
|  56|0x000000060f000000, 0x000000060f000000, 0x000000060f400000|  0%| F|  |TAMS 0x000000060f000000, 0x000000060f000000| Untracked 
|  57|0x000000060f400000, 0x000000060f400000, 0x000000060f800000|  0%| F|  |TAMS 0x000000060f400000, 0x000000060f400000| Untracked 
|  58|0x000000060f800000, 0x000000060f800000, 0x000000060fc00000|  0%| F|  |TAMS 0x000000060f800000, 0x000000060f800000| Untracked 
|  59|0x000000060fc00000, 0x000000060fc00000, 0x0000000610000000|  0%| F|  |TAMS 0x000000060fc00000, 0x000000060fc00000| Untracked 
|  60|0x0000000610000000, 0x0000000610000000, 0x0000000610400000|  0%| F|  |TAMS 0x0000000610000000, 0x0000000610000000| Untracked 
|  61|0x0000000610400000, 0x0000000610400000, 0x0000000610800000|  0%| F|  |TAMS 0x0000000610400000, 0x0000000610400000| Untracked 
|  62|0x0000000610800000, 0x0000000610800000, 0x0000000610c00000|  0%| F|  |TAMS 0x0000000610800000, 0x0000000610800000| Untracked 
|  63|0x0000000610c00000, 0x0000000610c00000, 0x0000000611000000|  0%| F|  |TAMS 0x0000000610c00000, 0x0000000610c00000| Untracked 
|  64|0x0000000611000000, 0x0000000611000000, 0x0000000611400000|  0%| F|  |TAMS 0x0000000611000000, 0x0000000611000000| Untracked 
|  65|0x0000000611400000, 0x0000000611400000, 0x0000000611800000|  0%| F|  |TAMS 0x0000000611400000, 0x0000000611400000| Untracked 
|  66|0x0000000611800000, 0x0000000611800000, 0x0000000611c00000|  0%| F|  |TAMS 0x0000000611800000, 0x0000000611800000| Untracked 
|  67|0x0000000611c00000, 0x0000000611c00000, 0x0000000612000000|  0%| F|  |TAMS 0x0000000611c00000, 0x0000000611c00000| Untracked 
|  68|0x0000000612000000, 0x0000000612000000, 0x0000000612400000|  0%| F|  |TAMS 0x0000000612000000, 0x0000000612000000| Untracked 
|  69|0x0000000612400000, 0x0000000612400000, 0x0000000612800000|  0%| F|  |TAMS 0x0000000612400000, 0x0000000612400000| Untracked 
|  70|0x0000000612800000, 0x0000000612800000, 0x0000000612c00000|  0%| F|  |TAMS 0x0000000612800000, 0x0000000612800000| Untracked 
|  71|0x0000000612c00000, 0x0000000612c00000, 0x0000000613000000|  0%| F|  |TAMS 0x0000000612c00000, 0x0000000612c00000| Untracked 
|  72|0x0000000613000000, 0x0000000613000000, 0x0000000613400000|  0%| F|  |TAMS 0x0000000613000000, 0x0000000613000000| Untracked 
|  73|0x0000000613400000, 0x0000000613400000, 0x0000000613800000|  0%| F|  |TAMS 0x0000000613400000, 0x0000000613400000| Untracked 
|  74|0x0000000613800000, 0x0000000613800000, 0x0000000613c00000|  0%| F|  |TAMS 0x0000000613800000, 0x0000000613800000| Untracked 
|  75|0x0000000613c00000, 0x0000000613c00000, 0x0000000614000000|  0%| F|  |TAMS 0x0000000613c00000, 0x0000000613c00000| Untracked 
|  76|0x0000000614000000, 0x0000000614000000, 0x0000000614400000|  0%| F|  |TAMS 0x0000000614000000, 0x0000000614000000| Untracked 
|  77|0x0000000614400000, 0x0000000614400000, 0x0000000614800000|  0%| F|  |TAMS 0x0000000614400000, 0x0000000614400000| Untracked 
|  78|0x0000000614800000, 0x0000000614800000, 0x0000000614c00000|  0%| F|  |TAMS 0x0000000614800000, 0x0000000614800000| Untracked 
|  79|0x0000000614c00000, 0x0000000614c00000, 0x0000000615000000|  0%| F|  |TAMS 0x0000000614c00000, 0x0000000614c00000| Untracked 
|  80|0x0000000615000000, 0x0000000615000000, 0x0000000615400000|  0%| F|  |TAMS 0x0000000615000000, 0x0000000615000000| Untracked 
|  81|0x0000000615400000, 0x0000000615400000, 0x0000000615800000|  0%| F|  |TAMS 0x0000000615400000, 0x0000000615400000| Untracked 
|  82|0x0000000615800000, 0x0000000615800000, 0x0000000615c00000|  0%| F|  |TAMS 0x0000000615800000, 0x0000000615800000| Untracked 
|  83|0x0000000615c00000, 0x0000000615c00000, 0x0000000616000000|  0%| F|  |TAMS 0x0000000615c00000, 0x0000000615c00000| Untracked 
|  84|0x0000000616000000, 0x0000000616000000, 0x0000000616400000|  0%| F|  |TAMS 0x0000000616000000, 0x0000000616000000| Untracked 
|  85|0x0000000616400000, 0x0000000616400000, 0x0000000616800000|  0%| F|  |TAMS 0x0000000616400000, 0x0000000616400000| Untracked 
|  86|0x0000000616800000, 0x0000000616800000, 0x0000000616c00000|  0%| F|  |TAMS 0x0000000616800000, 0x0000000616800000| Untracked 
|  87|0x0000000616c00000, 0x0000000616c00000, 0x0000000617000000|  0%| F|  |TAMS 0x0000000616c00000, 0x0000000616c00000| Untracked 
|  88|0x0000000617000000, 0x0000000617000000, 0x0000000617400000|  0%| F|  |TAMS 0x0000000617000000, 0x0000000617000000| Untracked 
|  89|0x0000000617400000, 0x0000000617400000, 0x0000000617800000|  0%| F|  |TAMS 0x0000000617400000, 0x0000000617400000| Untracked 
|  90|0x0000000617800000, 0x0000000617800000, 0x0000000617c00000|  0%| F|  |TAMS 0x0000000617800000, 0x0000000617800000| Untracked 
|  91|0x0000000617c00000, 0x0000000617c00000, 0x0000000618000000|  0%| F|  |TAMS 0x0000000617c00000, 0x0000000617c00000| Untracked 
|  92|0x0000000618000000, 0x0000000618000000, 0x0000000618400000|  0%| F|  |TAMS 0x0000000618000000, 0x0000000618000000| Untracked 
|  93|0x0000000618400000, 0x0000000618400000, 0x0000000618800000|  0%| F|  |TAMS 0x0000000618400000, 0x0000000618400000| Untracked 
|  94|0x0000000618800000, 0x0000000618800000, 0x0000000618c00000|  0%| F|  |TAMS 0x0000000618800000, 0x0000000618800000| Untracked 
|  95|0x0000000618c00000, 0x0000000618c00000, 0x0000000619000000|  0%| F|  |TAMS 0x0000000618c00000, 0x0000000618c00000| Untracked 
|  96|0x0000000619000000, 0x0000000619000000, 0x0000000619400000|  0%| F|  |TAMS 0x0000000619000000, 0x0000000619000000| Untracked 
|  97|0x0000000619400000, 0x0000000619400000, 0x0000000619800000|  0%| F|  |TAMS 0x0000000619400000, 0x0000000619400000| Untracked 
|  98|0x0000000619800000, 0x0000000619800000, 0x0000000619c00000|  0%| F|  |TAMS 0x0000000619800000, 0x0000000619800000| Untracked 
|  99|0x0000000619c00000, 0x0000000619c00000, 0x000000061a000000|  0%| F|  |TAMS 0x0000000619c00000, 0x0000000619c00000| Untracked 
| 100|0x000000061a000000, 0x000000061a000000, 0x000000061a400000|  0%| F|  |TAMS 0x000000061a000000, 0x000000061a000000| Untracked 
| 101|0x000000061a400000, 0x000000061a400000, 0x000000061a800000|  0%| F|  |TAMS 0x000000061a400000, 0x000000061a400000| Untracked 
| 102|0x000000061a800000, 0x000000061a800000, 0x000000061ac00000|  0%| F|  |TAMS 0x000000061a800000, 0x000000061a800000| Untracked 
| 103|0x000000061ac00000, 0x000000061ac00000, 0x000000061b000000|  0%| F|  |TAMS 0x000000061ac00000, 0x000000061ac00000| Untracked 
| 104|0x000000061b000000, 0x000000061b000000, 0x000000061b400000|  0%| F|  |TAMS 0x000000061b000000, 0x000000061b000000| Untracked 
| 105|0x000000061b400000, 0x000000061b400000, 0x000000061b800000|  0%| F|  |TAMS 0x000000061b400000, 0x000000061b400000| Untracked 
| 106|0x000000061b800000, 0x000000061b800000, 0x000000061bc00000|  0%| F|  |TAMS 0x000000061b800000, 0x000000061b800000| Untracked 
| 107|0x000000061bc00000, 0x000000061bc00000, 0x000000061c000000|  0%| F|  |TAMS 0x000000061bc00000, 0x000000061bc00000| Untracked 
| 108|0x000000061c000000, 0x000000061c000000, 0x000000061c400000|  0%| F|  |TAMS 0x000000061c000000, 0x000000061c000000| Untracked 
| 109|0x000000061c400000, 0x000000061c400000, 0x000000061c800000|  0%| F|  |TAMS 0x000000061c400000, 0x000000061c400000| Untracked 
| 110|0x000000061c800000, 0x000000061c800000, 0x000000061cc00000|  0%| F|  |TAMS 0x000000061c800000, 0x000000061c800000| Untracked 
| 111|0x000000061cc00000, 0x000000061cc00000, 0x000000061d000000|  0%| F|  |TAMS 0x000000061cc00000, 0x000000061cc00000| Untracked 
| 112|0x000000061d000000, 0x000000061d000000, 0x000000061d400000|  0%| F|  |TAMS 0x000000061d000000, 0x000000061d000000| Untracked 
| 113|0x000000061d400000, 0x000000061d400000, 0x000000061d800000|  0%| F|  |TAMS 0x000000061d400000, 0x000000061d400000| Untracked 
| 114|0x000000061d800000, 0x000000061d800000, 0x000000061dc00000|  0%| F|  |TAMS 0x000000061d800000, 0x000000061d800000| Untracked 
| 115|0x000000061dc00000, 0x000000061dc00000, 0x000000061e000000|  0%| F|  |TAMS 0x000000061dc00000, 0x000000061dc00000| Untracked 
| 116|0x000000061e000000, 0x000000061e000000, 0x000000061e400000|  0%| F|  |TAMS 0x000000061e000000, 0x000000061e000000| Untracked 
| 117|0x000000061e400000, 0x000000061e400000, 0x000000061e800000|  0%| F|  |TAMS 0x000000061e400000, 0x000000061e400000| Untracked 
| 118|0x000000061e800000, 0x000000061e800000, 0x000000061ec00000|  0%| F|  |TAMS 0x000000061e800000, 0x000000061e800000| Untracked 
| 119|0x000000061ec00000, 0x000000061ec00000, 0x000000061f000000|  0%| F|  |TAMS 0x000000061ec00000, 0x000000061ec00000| Untracked 
| 120|0x000000061f000000, 0x000000061f000000, 0x000000061f400000|  0%| F|  |TAMS 0x000000061f000000, 0x000000061f000000| Untracked 
| 121|0x000000061f400000, 0x000000061f400000, 0x000000061f800000|  0%| F|  |TAMS 0x000000061f400000, 0x000000061f400000| Untracked 
| 122|0x000000061f800000, 0x000000061f9717b8, 0x000000061fc00000| 36%| E|  |TAMS 0x000000061f800000, 0x000000061f800000| Complete 
| 123|0x000000061fc00000, 0x0000000620000000, 0x0000000620000000|100%| E|CS|TAMS 0x000000061fc00000, 0x000000061fc00000| Complete 
| 124|0x0000000620000000, 0x0000000620400000, 0x0000000620400000|100%| E|CS|TAMS 0x0000000620000000, 0x0000000620000000| Complete 
| 125|0x0000000620400000, 0x0000000620800000, 0x0000000620800000|100%| E|CS|TAMS 0x0000000620400000, 0x0000000620400000| Complete 
| 126|0x0000000620800000, 0x0000000620c00000, 0x0000000620c00000|100%| E|CS|TAMS 0x0000000620800000, 0x0000000620800000| Complete 
| 127|0x0000000620c00000, 0x0000000621000000, 0x0000000621000000|100%| E|CS|TAMS 0x0000000620c00000, 0x0000000620c00000| Complete 

Card table byte_map: [0x0000024a16e90000,0x0000024a17e90000] _byte_map_base: 0x0000024a13e88000

Marking Bits (Prev, Next): (CMBitMap*) 0x0000024a7e5cfb00, (CMBitMap*) 0x0000024a7e5cfb40
 Prev Bits: [0x0000024a18e90000, 0x0000024a20e50000)
 Next Bits: [0x0000024a20e50000, 0x0000024a28e10000)

Polling page: 0x0000024a7dce0000

Metaspace:

Usage:
  Non-class:      7.05 MB used.
      Class:    858.95 KB used.
       Both:      7.89 MB used.

Virtual space:
  Non-class space:       64.00 MB reserved,       7.12 MB ( 11%) committed,  1 nodes.
      Class space:        1.00 GB reserved,     960.00 KB ( <1%) committed,  1 nodes.
             Both:        1.06 GB reserved,       8.06 MB ( <1%) committed. 

Chunk freelists:
   Non-Class:  384.00 KB
       Class:  3.04 MB
        Both:  3.41 MB

MaxMetaspaceSize: unlimited
CompressedClassSpaceSize: 1.00 GB
Initial GC threshold: 21.00 MB
Current GC threshold: 21.00 MB
CDS: on
MetaspaceReclaimPolicy: balanced
 - commit_granule_bytes: 65536.
 - commit_granule_words: 8192.
 - virtual_space_node_default_size: 8388608.
 - enlarge_chunks_in_place: 1.
 - new_chunks_are_fully_committed: 0.
 - uncommit_free_chunks: 1.
 - use_allocation_guard: 0.


Internal statistics:

num_allocs_failed_limit: 0.
num_arena_births: 108.
num_arena_deaths: 0.
num_vsnodes_births: 2.
num_vsnodes_deaths: 0.
num_space_committed: 129.
num_space_uncommitted: 0.
num_chunks_returned_to_freelist: 0.
num_chunks_taken_from_freelist: 235.
num_chunk_merges: 0.
num_chunk_splits: 174.
num_chunks_enlarged: 140.
num_inconsistent_stats: 0.

CodeHeap 'non-profiled nmethods': size=120000Kb used=277Kb max_used=277Kb free=119723Kb
 bounds [0x0000024a0f960000, 0x0000024a0fbd0000, 0x0000024a16e90000]
CodeHeap 'profiled nmethods': size=120000Kb used=1557Kb max_used=1557Kb free=118442Kb
 bounds [0x0000024a07e90000, 0x0000024a08100000, 0x0000024a0f3c0000]
CodeHeap 'non-nmethods': size=5760Kb used=1309Kb max_used=1325Kb free=4450Kb
 bounds [0x0000024a0f3c0000, 0x0000024a0f630000, 0x0000024a0f960000]
 total_blobs=1472 nmethods=937 adapters=446
 compilation: enabled
              stopped_count=0, restarted_count=0
 full_count=0

Compilation events (20 events):
Event: 5.617 Thread 0x0000024a2f837150  846  s    1       java.util.Vector::size (5 bytes)
Event: 5.617 Thread 0x0000024a2f837150 nmethod 846 0x0000024a0f99f010 code [0x0000024a0f99f1a0, 0x0000024a0f99f318]
Event: 5.618 Thread 0x0000024a2f837150  847       3       java.util.Dictionary::<init> (5 bytes)
Event: 5.618 Thread 0x0000024a2f837150 nmethod 847 0x0000024a07ff2210 code [0x0000024a07ff23c0, 0x0000024a07ff2518]
Event: 5.618 Thread 0x0000024a2f837150  848       3       jade.content.schema.ObjectSchemaImpl::add (82 bytes)
Event: 5.618 Thread 0x0000024a2f8262f0  851       4       java.lang.StringLatin1::toLowerCase (186 bytes)
Event: 5.619 Thread 0x0000024a2f837150 nmethod 848 0x0000024a07ff2610 code [0x0000024a07ff28e0, 0x0000024a07ff3878]
Event: 5.619 Thread 0x0000024a2f837150  849       3       jade.content.schema.ObjectSchemaImpl$SlotDescriptor::<init> (10 bytes)
Event: 5.619 Thread 0x0000024a2f837150 nmethod 849 0x0000024a07ff3e90 code [0x0000024a07ff4040, 0x0000024a07ff4188]
Event: 5.619 Thread 0x0000024a2f837150  850       3       jade.content.schema.ObjectSchemaImpl$SlotDescriptor::<init> (41 bytes)
Event: 5.619 Thread 0x0000024a2f837150 nmethod 850 0x0000024a07ff4290 code [0x0000024a07ff4440, 0x0000024a07ff4738]
Event: 5.619 Thread 0x0000024a2f837150  852       3       java.util.Vector::add (23 bytes)
Event: 5.619 Thread 0x0000024a2f837150 nmethod 852 0x0000024a07ff4810 code [0x0000024a07ff49e0, 0x0000024a07ff4da8]
Event: 5.619 Thread 0x0000024a2f837150  853  s    3       java.util.Vector::addElement (24 bytes)
Event: 5.620 Thread 0x0000024a2f837150 nmethod 853 0x0000024a07ff4f10 code [0x0000024a07ff50e0, 0x0000024a07ff55c8]
Event: 5.620 Thread 0x0000024a2f837150  855       3       java.util.jar.Manifest::getTrustedAttributes (57 bytes)
Event: 5.621 Thread 0x0000024a2f837150 nmethod 855 0x0000024a07ff5790 code [0x0000024a07ff59e0, 0x0000024a07ff6288]
Event: 5.622 Thread 0x0000024a2f837150  856       3       java.lang.Integer::stringSize (47 bytes)
Event: 5.622 Thread 0x0000024a2f837150 nmethod 856 0x0000024a07ff6610 code [0x0000024a07ff67c0, 0x0000024a07ff6a18]
Event: 5.622 Thread 0x0000024a2f837150  857       3       java.lang.Integer::getChars (121 bytes)

GC Heap History (0 events):
No events

Dll operation events (10 events):
Event: 0.006 Loaded shared library C:\Program Files\Java\jdk-19.0.1\bin\java.dll
Event: 0.014 Loaded shared library C:\Program Files\Java\jdk-19.0.1\bin\jsvml.dll
Event: 0.046 Loaded shared library C:\Program Files\Java\jdk-19.0.1\bin\net.dll
Event: 0.047 Loaded shared library C:\Program Files\Java\jdk-19.0.1\bin\nio.dll
Event: 0.052 Loaded shared library C:\Program Files\Java\jdk-19.0.1\bin\zip.dll
Event: 0.055 Loaded shared library C:\Program Files\Java\jdk-19.0.1\bin\verify.dll
Event: 0.077 Loaded shared library C:\Program Files\Java\jdk-19.0.1\bin\jimage.dll
Event: 0.202 Loaded shared library C:\Program Files\Java\jdk-19.0.1\bin\extnet.dll
Event: 0.283 Loaded shared library C:\Program Files\Java\jdk-19.0.1\bin\awt.dll
Event: 5.612 Loaded shared library F:\Documents\Java\knowledge-based-systems\lib\CLIPSJNI.dll

Deoptimization events (20 events):
Event: 0.266 Thread 0x0000024a7e51b8c0 DEOPT PACKING pc=0x0000024a07ea5451 sp=0x0000007d991f78f0
Event: 0.266 Thread 0x0000024a7e51b8c0 DEOPT UNPACKING pc=0x0000024a0f427543 sp=0x0000007d991f6d68 mode 0
Event: 0.577 Thread 0x0000024a7e51b8c0 Uncommon trap: trap_request=0xffffff45 fr.pc=0x0000024a0f99b65c relative=0x0000000000000d1c
Event: 0.577 Thread 0x0000024a7e51b8c0 Uncommon trap: reason=unstable_if action=reinterpret pc=0x0000024a0f99b65c method=java.util.concurrent.ConcurrentHashMap.putVal(Ljava/lang/Object;Ljava/lang/Object;Z)Ljava/lang/Object; @ 148 c2
Event: 0.577 Thread 0x0000024a7e51b8c0 DEOPT PACKING pc=0x0000024a0f99b65c sp=0x0000007d991feb20
Event: 0.577 Thread 0x0000024a7e51b8c0 DEOPT UNPACKING pc=0x0000024a0f426da3 sp=0x0000007d991feaa0 mode 2
Event: 5.587 Thread 0x0000024a3710a4f0 DEOPT PACKING pc=0x0000024a07fbeb74 sp=0x0000007d9abfe6e0
Event: 5.587 Thread 0x0000024a3710a4f0 DEOPT UNPACKING pc=0x0000024a0f427543 sp=0x0000007d9abfdc40 mode 0
Event: 5.603 Thread 0x0000024a3710aa40 DEOPT PACKING pc=0x0000024a07fbed54 sp=0x0000007d9b4f92a0
Event: 5.603 Thread 0x0000024a3710aa40 DEOPT UNPACKING pc=0x0000024a0f427543 sp=0x0000007d9b4f8800 mode 0
Event: 5.603 Thread 0x0000024a3710aa40 DEOPT PACKING pc=0x0000024a07fbed54 sp=0x0000007d9b4fabf0
Event: 5.603 Thread 0x0000024a3710aa40 DEOPT UNPACKING pc=0x0000024a0f427543 sp=0x0000007d9b4fa150 mode 0
Event: 5.610 Thread 0x0000024a37105fe0 Uncommon trap: trap_request=0xffffff45 fr.pc=0x0000024a0f9702e4 relative=0x0000000000000144
Event: 5.610 Thread 0x0000024a37105fe0 Uncommon trap: reason=unstable_if action=reinterpret pc=0x0000024a0f9702e4 method=java.util.concurrent.locks.ReentrantLock$NonfairSync.initialTryLock()Z @ 10 c2
Event: 5.610 Thread 0x0000024a37105fe0 DEOPT PACKING pc=0x0000024a0f9702e4 sp=0x0000007d9b8ff170
Event: 5.610 Thread 0x0000024a37105fe0 DEOPT UNPACKING pc=0x0000024a0f426da3 sp=0x0000007d9b8ff118 mode 2
Event: 5.610 Thread 0x0000024a37105fe0 Uncommon trap: trap_request=0xffffff45 fr.pc=0x0000024a0f9705e8 relative=0x00000000000000c8
Event: 5.610 Thread 0x0000024a37105fe0 Uncommon trap: reason=unstable_if action=reinterpret pc=0x0000024a0f9705e8 method=java.util.concurrent.locks.ReentrantLock$Sync.tryRelease(I)Z @ 26 c2
Event: 5.610 Thread 0x0000024a37105fe0 DEOPT PACKING pc=0x0000024a0f9705e8 sp=0x0000007d9b8ff170
Event: 5.610 Thread 0x0000024a37105fe0 DEOPT UNPACKING pc=0x0000024a0f426da3 sp=0x0000007d9b8ff110 mode 2

Classes loaded (20 events):
Event: 5.572 Loading class org/xml/sax/ext/Attributes2 done
Event: 5.572 Loading class com/sun/org/apache/xerces/internal/parsers/AbstractSAXParser$AttributesProxy done
Event: 5.575 Loading class java/io/PrintWriter
Event: 5.575 Loading class java/io/PrintWriter done
Event: 5.575 Loading class java/io/PrintWriter$1
Event: 5.575 Loading class jdk/internal/access/JavaIOPrintWriterAccess
Event: 5.575 Loading class jdk/internal/access/JavaIOPrintWriterAccess done
Event: 5.575 Loading class java/io/PrintWriter$1 done
Event: 5.576 Loading class sun/nio/cs/UTF_8$Encoder
Event: 5.576 Loading class sun/nio/cs/UTF_8$Encoder done
Event: 5.577 Loading class java/io/FileOutputStream$1
Event: 5.577 Loading class java/io/FileOutputStream$1 done
Event: 5.587 Loading class jdk/internal/loader/URLClassPath$FileLoader$1
Event: 5.587 Loading class jdk/internal/loader/URLClassPath$FileLoader$1 done
Event: 5.610 Loading class java/util/concurrent/Callable
Event: 5.610 Loading class java/util/concurrent/Callable done
Event: 5.612 Loading class java/util/BitSet
Event: 5.612 Loading class java/util/BitSet done
Event: 5.620 Loading class java/util/concurrent/locks/AbstractQueuedSynchronizer$ExclusiveNode
Event: 5.620 Loading class java/util/concurrent/locks/AbstractQueuedSynchronizer$ExclusiveNode done

Classes unloaded (0 events):
No events

Classes redefined (0 events):
No events

Internal exceptions (14 events):
Event: 0.129 Thread 0x0000024a7e51b8c0 Exception <a 'java/lang/NoSuchMethodError'{0x0000000620805cb0}: 'java.lang.Object java.lang.invoke.DirectMethodHandle$Holder.invokeStatic(java.lang.Object, int, java.lang.Object)'> (0x0000000620805cb0) 
thrown [s\open\src\hotspot\share\interpreter\linkResolver.cpp, line 774]
Event: 0.130 Thread 0x0000024a7e51b8c0 Exception <a 'java/lang/NoSuchMethodError'{0x000000062080ddb8}: 'java.lang.Object java.lang.invoke.DirectMethodHandle$Holder.invokeStaticInit(java.lang.Object)'> (0x000000062080ddb8) 
thrown [s\open\src\hotspot\share\interpreter\linkResolver.cpp, line 774]
Event: 0.133 Thread 0x0000024a7e51b8c0 Exception <a 'java/lang/NoSuchMethodError'{0x0000000620819388}: 'void java.lang.invoke.DirectMethodHandle$Holder.invokeSpecial(java.lang.Object, java.lang.Object, java.lang.Object)'> (0x0000000620819388) 
thrown [s\open\src\hotspot\share\interpreter\linkResolver.cpp, line 774]
Event: 0.145 Thread 0x0000024a7e51b8c0 Exception <a 'java/lang/ClassNotFoundException'{0x000000062085ea30}: sun/util/logging/resources/spi/loggingProvider> (0x000000062085ea30) 
thrown [s\open\src\hotspot\share\classfile\systemDictionary.cpp, line 255]
Event: 0.167 Thread 0x0000024a7e51b8c0 Exception <a 'java/lang/NoSuchMethodError'{0x00000006208f61d0}: 'void java.lang.invoke.DirectMethodHandle$Holder.invokeStatic(java.lang.Object, int, java.lang.Object)'> (0x00000006208f61d0) 
thrown [s\open\src\hotspot\share\interpreter\linkResolver.cpp, line 774]
Event: 0.197 Thread 0x0000024a7e51b8c0 Exception <a 'java/io/FileNotFoundException'{0x000000062096e498}> (0x000000062096e498) 
thrown [s\open\src\hotspot\share\prims\jni.cpp, line 517]
Event: 0.203 Thread 0x0000024a7e51b8c0 Exception <a 'java/lang/NoSuchMethodError'{0x0000000620973638}: 'void java.lang.invoke.DirectMethodHandle$Holder.invokeStatic(java.lang.Object, java.lang.Object)'> (0x0000000620973638) 
thrown [s\open\src\hotspot\share\interpreter\linkResolver.cpp, line 774]
Event: 0.212 Thread 0x0000024a7e51b8c0 Exception <a 'java/lang/NoSuchMethodError'{0x00000006209a57e0}: 'void java.lang.invoke.DirectMethodHandle$Holder.invokeStatic(java.lang.Object, java.lang.Object, java.lang.Object)'> (0x00000006209a57e0) 
thrown [s\open\src\hotspot\share\interpreter\linkResolver.cpp, line 774]
Event: 0.215 Thread 0x0000024a7e51b8c0 Exception <a 'java/lang/NoSuchMethodError'{0x00000006209b3b20}: 'java.lang.Object java.lang.invoke.DirectMethodHandle$Holder.newInvokeSpecial(java.lang.Object, java.lang.Object, int, java.lang.Object)'> (0x00000006209b3b20) 
thrown [s\open\src\hotspot\share\interpreter\linkResolver.cpp, line 774]
Event: 0.215 Thread 0x0000024a7e51b8c0 Exception <a 'java/lang/NoSuchMethodError'{0x00000006209b7f38}: 'java.lang.Object java.lang.invoke.DirectMethodHandle$Holder.invokeSpecial(java.lang.Object, java.lang.Object, java.lang.Object, int, java.lang.Object)'> (0x00000006209b7f38) 
thrown [s\open\src\hotspot\share\interpreter\linkResolver.cpp, line 774]
Event: 0.216 Thread 0x0000024a7e51b8c0 Exception <a 'java/lang/NoSuchMethodError'{0x00000006209bbb60}: 'java.lang.Object java.lang.invoke.Invokers$Holder.invoke_MT(java.lang.Object, java.lang.Object, int, java.lang.Object, java.lang.Object)'> (0x00000006209bbb60) 
thrown [s\open\src\hotspot\share\interpreter\linkResolver.cpp, line 774]
Event: 0.280 Thread 0x0000024a7e51b8c0 Exception <a 'java/lang/ClassNotFoundException'{0x00000006205b5a50}: sun/awt/resources/spi/awtProvider> (0x00000006205b5a50) 
thrown [s\open\src\hotspot\share\classfile\systemDictionary.cpp, line 255]
Event: 0.284 Thread 0x0000024a7e51b8c0 Exception <a 'java/io/FileNotFoundException'{0x00000006205bba00}> (0x00000006205bba00) 
thrown [s\open\src\hotspot\share\prims\jni.cpp, line 517]
Event: 0.288 Thread 0x0000024a7e51b8c0 Exception <a 'java/io/FileNotFoundException'{0x00000006205e7f98}> (0x00000006205e7f98) 
thrown [s\open\src\hotspot\share\prims\jni.cpp, line 517]

VM Operations (16 events):
Event: 0.053 Executing VM operation: HandshakeAllThreads
Event: 0.053 Executing VM operation: HandshakeAllThreads done
Event: 0.095 Executing VM operation: HandshakeAllThreads
Event: 0.095 Executing VM operation: HandshakeAllThreads done
Event: 0.509 Executing VM operation: HandshakeAllThreads
Event: 0.509 Executing VM operation: HandshakeAllThreads done
Event: 1.519 Executing VM operation: Cleanup
Event: 1.520 Executing VM operation: Cleanup done
Event: 5.558 Executing VM operation: HandshakeAllThreads
Event: 5.558 Executing VM operation: HandshakeAllThreads done
Event: 5.587 Executing VM operation: HandshakeAllThreads
Event: 5.603 Executing VM operation: HandshakeAllThreads done
Event: 5.603 Executing VM operation: Cleanup
Event: 5.603 Executing VM operation: Cleanup done
Event: 5.620 Executing VM operation: HandshakeAllThreads
Event: 5.620 Executing VM operation: HandshakeAllThreads done

Events (20 events):
Event: 0.316 Thread 0x0000024a2f96eff0 Thread added: 0x0000024a2f96eff0
Event: 0.426 Thread 0x0000024a2fa30560 Thread exited: 0x0000024a2fa30560
Event: 0.426 Thread 0x0000024a2fa22970 Thread exited: 0x0000024a2fa22970
Event: 0.532 Thread 0x0000024a36ff3e50 Thread added: 0x0000024a36ff3e50
Event: 0.544 Thread 0x0000024a3710c4d0 Thread added: 0x0000024a3710c4d0
Event: 0.544 Thread 0x0000024a3710ca20 Thread added: 0x0000024a3710ca20
Event: 0.544 Thread 0x0000024a37108fb0 Thread added: 0x0000024a37108fb0
Event: 0.544 Thread 0x0000024a3710af90 Thread added: 0x0000024a3710af90
Event: 0.544 Thread 0x0000024a37106a80 Thread added: 0x0000024a37106a80
Event: 1.504 Thread 0x0000024a2f96eaa0 Thread exited: 0x0000024a2f96eaa0
Event: 5.557 Thread 0x0000024a36ff3e50 Thread exited: 0x0000024a36ff3e50
Event: 5.573 Thread 0x0000024a37107520 Thread added: 0x0000024a37107520
Event: 5.584 Thread 0x0000024a3710a4f0 Thread added: 0x0000024a3710a4f0
Event: 5.585 Thread 0x0000024a3710aa40 Thread added: 0x0000024a3710aa40
Event: 5.608 Thread 0x0000024a3710cf70 Thread added: 0x0000024a3710cf70
Event: 5.609 Thread 0x0000024a3710b4e0 Thread added: 0x0000024a3710b4e0
Event: 5.609 Thread 0x0000024a3710ba30 Thread added: 0x0000024a3710ba30
Event: 5.609 Thread 0x0000024a37105fe0 Thread added: 0x0000024a37105fe0
Event: 5.613 Thread 0x0000024a7e51b8c0 Thread exited: 0x0000024a7e51b8c0
Event: 5.613 Thread 0x0000024a37106fd0 Thread added: 0x0000024a37106fd0


Dynamic libraries:
0x00007ff795e00000 - 0x00007ff795e0e000 	C:\Program Files\Java\jdk-19.0.1\bin\java.exe
0x00007ff9799f0000 - 0x00007ff979c04000 	C:\WINDOWS\SYSTEM32\ntdll.dll
0x00007ff978cd0000 - 0x00007ff978d92000 	C:\WINDOWS\System32\KERNEL32.DLL
0x00007ff976e20000 - 0x00007ff9771bd000 	C:\WINDOWS\System32\KERNELBASE.dll
0x00007ff977540000 - 0x00007ff977651000 	C:\WINDOWS\System32\ucrtbase.dll
0x00007ff964ed0000 - 0x00007ff964eeb000 	C:\Program Files\Java\jdk-19.0.1\bin\VCRUNTIME140.dll
0x00007ff964ef0000 - 0x00007ff964f07000 	C:\Program Files\Java\jdk-19.0.1\bin\jli.dll
0x00007ff977a30000 - 0x00007ff977bda000 	C:\WINDOWS\System32\USER32.dll
0x00007ff977660000 - 0x00007ff977686000 	C:\WINDOWS\System32\win32u.dll
0x00007ff968f90000 - 0x00007ff96921e000 	C:\WINDOWS\WinSxS\amd64_microsoft.windows.common-controls_6595b64144ccf1df_6.0.22621.608_none_a9444ca7c10bb01d\COMCTL32.dll
0x00007ff9798d0000 - 0x00007ff9798f9000 	C:\WINDOWS\System32\GDI32.dll
0x00007ff978da0000 - 0x00007ff978e47000 	C:\WINDOWS\System32\msvcrt.dll
0x00007ff9772b0000 - 0x00007ff9773c2000 	C:\WINDOWS\System32\gdi32full.dll
0x00007ff977750000 - 0x00007ff9777ea000 	C:\WINDOWS\System32\msvcp_win.dll
0x00007ff9790b0000 - 0x00007ff9790e2000 	C:\WINDOWS\System32\IMM32.DLL
0x00007ff965250000 - 0x00007ff96525c000 	C:\Program Files\Java\jdk-19.0.1\bin\vcruntime140_1.dll
0x00007ff930450000 - 0x00007ff9304de000 	C:\Program Files\Java\jdk-19.0.1\bin\msvcp140.dll
0x00007ff8dd5b0000 - 0x00007ff8de270000 	C:\Program Files\Java\jdk-19.0.1\bin\server\jvm.dll
0x00007ff979900000 - 0x00007ff9799ae000 	C:\WINDOWS\System32\ADVAPI32.dll
0x00007ff978690000 - 0x00007ff978734000 	C:\WINDOWS\System32\sechost.dll
0x00007ff9783f0000 - 0x00007ff978505000 	C:\WINDOWS\System32\RPCRT4.dll
0x00007ff969500000 - 0x00007ff969534000 	C:\WINDOWS\SYSTEM32\WINMM.dll
0x00007ff95fe60000 - 0x00007ff95fe69000 	C:\WINDOWS\SYSTEM32\WSOCK32.dll
0x00007ff96dee0000 - 0x00007ff96deea000 	C:\WINDOWS\SYSTEM32\VERSION.dll
0x00007ff9785a0000 - 0x00007ff978611000 	C:\WINDOWS\System32\WS2_32.dll
0x00007ff975f40000 - 0x00007ff975f58000 	C:\WINDOWS\SYSTEM32\kernel.appcore.dll
0x00007ff964ec0000 - 0x00007ff964eca000 	C:\Program Files\Java\jdk-19.0.1\bin\jimage.dll
0x00007ff968310000 - 0x00007ff96853e000 	C:\WINDOWS\SYSTEM32\DBGHELP.DLL
0x00007ff9788e0000 - 0x00007ff978c6a000 	C:\WINDOWS\System32\combase.dll
0x00007ff977dc0000 - 0x00007ff977e97000 	C:\WINDOWS\System32\OLEAUT32.dll
0x00007ff9682d0000 - 0x00007ff968302000 	C:\WINDOWS\SYSTEM32\dbgcore.DLL
0x00007ff9771c0000 - 0x00007ff97723b000 	C:\WINDOWS\System32\bcryptPrimitives.dll
0x00007ff964e00000 - 0x00007ff964e26000 	C:\Program Files\Java\jdk-19.0.1\bin\java.dll
0x00007ff91bc40000 - 0x00007ff91bd17000 	C:\Program Files\Java\jdk-19.0.1\bin\jsvml.dll
0x00007ff9790f0000 - 0x00007ff9798d0000 	C:\WINDOWS\System32\SHELL32.dll
0x00007ff974e20000 - 0x00007ff9756e5000 	C:\WINDOWS\SYSTEM32\windows.storage.dll
0x00007ff974ce0000 - 0x00007ff974e1e000 	C:\WINDOWS\SYSTEM32\wintypes.dll
0x00007ff978e50000 - 0x00007ff978f41000 	C:\WINDOWS\System32\SHCORE.dll
0x00007ff978c70000 - 0x00007ff978cce000 	C:\WINDOWS\System32\shlwapi.dll
0x00007ff976d50000 - 0x00007ff976d71000 	C:\WINDOWS\SYSTEM32\profapi.dll
0x00007ff964de0000 - 0x00007ff964df3000 	C:\Program Files\Java\jdk-19.0.1\bin\net.dll
0x00007ff9709e0000 - 0x00007ff970b0f000 	C:\WINDOWS\SYSTEM32\WINHTTP.dll
0x00007ff976390000 - 0x00007ff9763f9000 	C:\WINDOWS\system32\mswsock.dll
0x00007ff964dc0000 - 0x00007ff964dd6000 	C:\Program Files\Java\jdk-19.0.1\bin\nio.dll
0x00007ff960f20000 - 0x00007ff960f38000 	C:\Program Files\Java\jdk-19.0.1\bin\zip.dll
0x00007ff964db0000 - 0x00007ff964dc0000 	C:\Program Files\Java\jdk-19.0.1\bin\verify.dll
0x00007ff9759b0000 - 0x00007ff9759dd000 	C:\WINDOWS\SYSTEM32\IPHLPAPI.DLL
0x00007ff978320000 - 0x00007ff978329000 	C:\WINDOWS\System32\NSI.dll
0x00007ff970c60000 - 0x00007ff970c79000 	C:\WINDOWS\SYSTEM32\dhcpcsvc6.DLL
0x00007ff970970000 - 0x00007ff97098f000 	C:\WINDOWS\SYSTEM32\dhcpcsvc.DLL
0x00007ff975a20000 - 0x00007ff975b12000 	C:\WINDOWS\SYSTEM32\DNSAPI.dll
0x00007ff961bd0000 - 0x00007ff961bd8000 	C:\Program Files\Java\jdk-19.0.1\bin\extnet.dll
0x00007ff91bab0000 - 0x00007ff91bc40000 	C:\Program Files\Java\jdk-19.0.1\bin\awt.dll
0x00007ff973b90000 - 0x00007ff973c27000 	C:\WINDOWS\SYSTEM32\apphelp.dll
0x00007ff9745d0000 - 0x00007ff9745fb000 	C:\WINDOWS\system32\DWMAPI.DLL
0x00007ff974350000 - 0x00007ff9743fb000 	C:\WINDOWS\system32\uxtheme.dll
0x00007ff920540000 - 0x00007ff920640000 	C:\WINDOWS\system32\opengl32.dll
0x00007ff954220000 - 0x00007ff95424d000 	C:\WINDOWS\SYSTEM32\GLU32.dll
0x00007ff974640000 - 0x00007ff974676000 	C:\WINDOWS\SYSTEM32\dxcore.dll
0x00007ff977910000 - 0x00007ff977a2e000 	C:\WINDOWS\System32\MSCTF.dll
0x00007ff978740000 - 0x00007ff9788dc000 	C:\WINDOWS\System32\ole32.dll
0x00007ff9563c0000 - 0x00007ff956569000 	C:\WINDOWS\system32\d3d9.dll
0x00007ff926890000 - 0x00007ff9269a7000 	C:\WINDOWS\System32\DriverStore\FileRepository\nv_dispui.inf_amd64_f2b06cc19dadc00f\nvldumdx.dll
0x00007ff976ab0000 - 0x00007ff976ac2000 	C:\WINDOWS\SYSTEM32\msasn1.dll
0x00007ff96d7d0000 - 0x00007ff96d802000 	C:\WINDOWS\SYSTEM32\cryptnet.dll
0x00007ff9773d0000 - 0x00007ff977536000 	C:\WINDOWS\System32\CRYPT32.dll
0x00007ff96d670000 - 0x00007ff96d7c8000 	C:\WINDOWS\SYSTEM32\drvstore.dll
0x00007ff976b20000 - 0x00007ff976b53000 	C:\WINDOWS\SYSTEM32\devobj.dll
0x00007ff976ad0000 - 0x00007ff976b1e000 	C:\WINDOWS\SYSTEM32\cfgmgr32.dll
0x00007ff976600000 - 0x00007ff976648000 	C:\WINDOWS\SYSTEM32\wldp.dll
0x00007ff976680000 - 0x00007ff97668c000 	C:\WINDOWS\SYSTEM32\cryptbase.dll
0x00007ff977240000 - 0x00007ff9772a9000 	C:\WINDOWS\System32\WINTRUST.DLL
0x00007ff977da0000 - 0x00007ff977dbf000 	C:\WINDOWS\System32\imagehlp.dll
0x00007ff9766a0000 - 0x00007ff9766bb000 	C:\WINDOWS\SYSTEM32\CRYPTSP.dll
0x00007ff975eb0000 - 0x00007ff975ee5000 	C:\WINDOWS\system32\rsaenh.dll
0x00007ff9767c0000 - 0x00007ff9767e8000 	C:\WINDOWS\SYSTEM32\bcrypt.dll
0x00007ff8d7810000 - 0x00007ff8d9d40000 	C:\WINDOWS\System32\DriverStore\FileRepository\nv_dispui.inf_amd64_f2b06cc19dadc00f\nvd3dumx.dll
0x00007ff970990000 - 0x00007ff9709d9000 	C:\WINDOWS\SYSTEM32\directxdatabasehelper.dll
0x00007ff92b730000 - 0x00007ff92b9fe000 	C:\WINDOWS\system32\nvspcap64.dll
0x00007ff975f60000 - 0x00007ff975f94000 	C:\WINDOWS\SYSTEM32\ntmarta.dll
0x00007ff976400000 - 0x00007ff976426000 	C:\WINDOWS\SYSTEM32\gpapi.dll
0x00007ff9599d0000 - 0x00007ff9599e7000 	C:\WINDOWS\system32\napinsp.dll
0x00007ff957970000 - 0x00007ff95798b000 	C:\WINDOWS\system32\pnrpnsp.dll
0x00007ff9563a0000 - 0x00007ff9563b1000 	C:\WINDOWS\System32\winrnr.dll
0x00007ff970930000 - 0x00007ff970945000 	C:\WINDOWS\system32\wshbth.dll
0x00007ff956370000 - 0x00007ff956391000 	C:\WINDOWS\system32\nlansp_c.dll
0x00007ff96e4c0000 - 0x00007ff96e4ca000 	C:\Windows\System32\rasadhlp.dll
0x00007ff96fea0000 - 0x00007ff96ff23000 	C:\WINDOWS\System32\fwpuclnt.dll
0x00007ff91a270000 - 0x00007ff91a3c6000 	F:\Documents\Java\knowledge-based-systems\lib\CLIPSJNI.dll

dbghelp: loaded successfully - version: 4.0.5 - missing functions: none
symbol engine: initialized successfully - sym options: 0x614 - pdb path: .;C:\Program Files\Java\jdk-19.0.1\bin;C:\WINDOWS\SYSTEM32;C:\WINDOWS\WinSxS\amd64_microsoft.windows.common-controls_6595b64144ccf1df_6.0.22621.608_none_a9444ca7c10bb01d;C:\Program Files\Java\jdk-19.0.1\bin\server;C:\WINDOWS\System32\DriverStore\FileRepository\nv_dispui.inf_amd64_f2b06cc19dadc00f;F:\Documents\Java\knowledge-based-systems\lib

VM Arguments:
jvm_args: -Djava.library.path=../lib/ 
java_command: jade.Boot -agents Neumologo:Neumologo;Gastrointerologo:Gastrointerologo;Dermatologo:Dermatologo;Paciente:Paciente
java_class_path (initial): ../lib/jade.jar;../lib/CLIPSJNI.jar;classes/
Launcher Type: SUN_STANDARD

[Global flags]
     intx CICompilerCount                          = 4                                         {product} {ergonomic}
     uint ConcGCThreads                            = 3                                         {product} {ergonomic}
     uint G1ConcRefinementThreads                  = 10                                        {product} {ergonomic}
   size_t G1HeapRegionSize                         = 4194304                                   {product} {ergonomic}
    uintx GCDrainStackTargetSize                   = 64                                        {product} {ergonomic}
   size_t InitialHeapSize                          = 536870912                                 {product} {ergonomic}
   size_t MarkStackSize                            = 4194304                                   {product} {ergonomic}
   size_t MaxHeapSize                              = 8573157376                                {product} {ergonomic}
   size_t MaxNewSize                               = 5142216704                                {product} {ergonomic}
   size_t MinHeapDeltaBytes                        = 4194304                                   {product} {ergonomic}
   size_t MinHeapSize                              = 8388608                                   {product} {ergonomic}
    uintx NonNMethodCodeHeapSize                   = 5839372                                {pd product} {ergonomic}
    uintx NonProfiledCodeHeapSize                  = 122909434                              {pd product} {ergonomic}
    uintx ProfiledCodeHeapSize                     = 122909434                              {pd product} {ergonomic}
    uintx ReservedCodeCacheSize                    = 251658240                              {pd product} {ergonomic}
     bool SegmentedCodeCache                       = true                                      {product} {ergonomic}
   size_t SoftMaxHeapSize                          = 8573157376                             {manageable} {ergonomic}
     bool UseCompressedClassPointers               = true                           {product lp64_product} {ergonomic}
     bool UseCompressedOops                        = true                           {product lp64_product} {ergonomic}
     bool UseG1GC                                  = true                                      {product} {ergonomic}
     bool UseLargePagesIndividualAllocation        = false                                  {pd product} {ergonomic}

Logging:
Log output configuration:
 #0: stdout all=warning uptime,level,tags foldmultilines=false
 #1: stderr all=off uptime,level,tags foldmultilines=false

Environment Variables:
PATH=C:\Program Files\WindowsApps\Microsoft.WindowsTerminal_1.15.2875.0_x64__8wekyb3d8bbwe;C:\Program Files\NVIDIA GPU Computing Toolkit\CUDA\v11.8\bin;C:\Program Files\NVIDIA GPU Computing Toolkit\CUDA\v11.8\libnvvp;C:\WINDOWS\system32;C:\WINDOWS;C:\WINDOWS\System32\Wbem;C:\WINDOWS\System32\WindowsPowerShell\v1.0\;C:\WINDOWS\System32\OpenSSH\;C:\Program Files (x86)\NVIDIA Corporation\PhysX\Common;C:\Program Files\NVIDIA Corporation\NVIDIA NvDLISR;C:\Program Files\Git\cmd;C:\Program Files\Microsoft VS Code\bin;C:\WINDOWS\system32;C:\WINDOWS;C:\WINDOWS\System32\Wbem;C:\WINDOWS\System32\WindowsPowerShell\v1.0\;C:\WINDOWS\System32\OpenSSH\;C:\Program Files\Java\jdk-19.0.1\bin;F:\Documents\Java\knowledge-based-systems\lib;C:\Strawberry\c\bin;C:\Strawberry\perl\site\bin;C:\Strawberry\perl\bin;C:\Program Files\NVIDIA Corporation\Nsight Compute 2022.3.0\;C:\Users\YoomarXD\AppData\Local\Programs\Python\Python311\Scripts\;C:\Users\YoomarXD\AppData\Local\Programs\Python\Python311\;C:\Users\YoomarXD\AppData\Local\Programs\Python\Python310\Scripts\;C:\Users\YoomarXD\AppData\Local\Programs\Python\Python310\;C:\Users\YoomarXD\AppData\Local\Microsoft\WindowsApps;C:\Users\YoomarXD\AppData\Local\GitHubDesktop\bin;C:\Users\YoomarXD\AppData\Local\Programs\MiKTeX\miktex\bin\x64\
USERNAME=YoomarXD
OS=Windows_NT
PROCESSOR_IDENTIFIER=AMD64 Family 23 Model 113 Stepping 0, AuthenticAMD
TMP=C:\Users\YoomarXD\AppData\Local\Temp
TEMP=C:\Users\YoomarXD\AppData\Local\Temp



---------------  S Y S T E M  ---------------

OS:
 Windows 11 , 64 bit Build 22621 (10.0.22621.755)
OS uptime: 12 days 13:08 hours
Hyper-V role detected

CPU: total 12 (initial active 12) (12 cores per cpu, 2 threads per core) family 23 model 113 stepping 0 microcode 0x0, cx8, cmov, fxsr, ht, mmx, 3dnowpref, sse, sse2, sse3, ssse3, sse4a, sse4.1, sse4.2, popcnt, lzcnt, tsc, tscinvbit, avx, avx2, aes, clmul, bmi1, bmi2, adx, sha, fma, vzeroupper, clflush, clflushopt, hv, rdtscp, rdpid

Memory: 4k page, system-wide physical 32691M (17421M free)
TotalPageFile size 35284M (AvailPageFile size 6913M)
current process WorkingSet (physical memory assigned to process): 95M, peak: 95M
current process commit charge ("private bytes"): 663M, peak: 663M

vm_info: OpenJDK 64-Bit Server VM (19.0.1+10-21) for windows-amd64 JRE (19.0.1+10-21), built on 2022-09-14T12:45:06Z by "mach5one" with MS VC++ 17.1 (VS2022)

END.
